running develop
Removing /home/soham/line_follower_ws/install/line_follower_launch/lib/python3.10/site-packages/line-follower-launch.egg-link (link to .)
running egg_info
writing ../../build/line_follower_launch/line_follower_launch.egg-info/PKG-INFO
writing dependency_links to ../../build/line_follower_launch/line_follower_launch.egg-info/dependency_links.txt
writing requirements to ../../build/line_follower_launch/line_follower_launch.egg-info/requires.txt
writing top-level names to ../../build/line_follower_launch/line_follower_launch.egg-info/top_level.txt
reading manifest file '../../build/line_follower_launch/line_follower_launch.egg-info/SOURCES.txt'
writing manifest file '../../build/line_follower_launch/line_follower_launch.egg-info/SOURCES.txt'
running build
running build_py
copying line_follower_launch/__init__.py -> /home/soham/line_follower_ws/build/line_follower_launch/build/lib/line_follower_launch
running install
running install_lib
creating /home/soham/line_follower_ws/install/line_follower_launch/lib/python3.10/site-packages/line_follower_launch
copying /home/soham/line_follower_ws/build/line_follower_launch/build/lib/line_follower_launch/__init__.py -> /home/soham/line_follower_ws/install/line_follower_launch/lib/python3.10/site-packages/line_follower_launch
byte-compiling /home/soham/line_follower_ws/install/line_follower_launch/lib/python3.10/site-packages/line_follower_launch/__init__.py to __init__.cpython-310.pyc
running install_data
copying resource/line_follower_launch -> /home/soham/line_follower_ws/install/line_follower_launch/share/ament_index/resource_index/packages
copying package.xml -> /home/soham/line_follower_ws/install/line_follower_launch/share/line_follower_launch
copying launch/spawn_robot_in_gazebo.launch.py -> /home/soham/line_follower_ws/install/line_follower_launch/share/line_follower_launch/launch
running install_egg_info
Copying ../../build/line_follower_launch/line_follower_launch.egg-info to /home/soham/line_follower_ws/install/line_follower_launch/lib/python3.10/site-packages/line_follower_launch-0.0.1-py3.10.egg-info
running install_scripts
writing list of installed files to '/home/soham/line_follower_ws/build/line_follower_launch/install.log'
