[0.506s] Invoking command in '/home/soham/line_follower_ws/build/line_follower_launch': PS1=(rl_env) \[\e]0;\u@\h: \w\a\]${debian_chroot:+($debian_chroot)}\[\033[01;32m\]\u@\h\[\033[00m\]:\[\033[01;34m\]\w\[\033[00m\]\$ PYTHONPATH=/home/soham/line_follower_ws/build/line_follower_launch/prefix_override:/usr/lib/python3/dist-packages/colcon_core/task/python/colcon_distutils_commands:/home/soham/line_follower_ws/install/line_follower_launch/lib/python3.10/site-packages:${PYTHONPATH} VIRTUAL_ENV_PROMPT=(rl_env) /usr/bin/python3 -W ignore:setup.py install is deprecated -W ignore:easy_install command is deprecated setup.py develop --uninstall --editable --build-directory /home/soham/line_follower_ws/build/line_follower_launch/build
[0.706s] running develop
[0.854s] Removing /home/soham/line_follower_ws/install/line_follower_launch/lib/python3.10/site-packages/line-follower-launch.egg-link (link to .)
[0.874s] Invoked command in '/home/soham/line_follower_ws/build/line_follower_launch' returned '0': PS1=(rl_env) \[\e]0;\u@\h: \w\a\]${debian_chroot:+($debian_chroot)}\[\033[01;32m\]\u@\h\[\033[00m\]:\[\033[01;34m\]\w\[\033[00m\]\$ PYTHONPATH=/home/soham/line_follower_ws/build/line_follower_launch/prefix_override:/usr/lib/python3/dist-packages/colcon_core/task/python/colcon_distutils_commands:/home/soham/line_follower_ws/install/line_follower_launch/lib/python3.10/site-packages:${PYTHONPATH} VIRTUAL_ENV_PROMPT=(rl_env) /usr/bin/python3 -W ignore:setup.py install is deprecated -W ignore:easy_install command is deprecated setup.py develop --uninstall --editable --build-directory /home/soham/line_follower_ws/build/line_follower_launch/build
[0.875s] Invoking command in '/home/soham/line_follower_ws/src/line_follower_launch': PS1=(rl_env) \[\e]0;\u@\h: \w\a\]${debian_chroot:+($debian_chroot)}\[\033[01;32m\]\u@\h\[\033[00m\]:\[\033[01;34m\]\w\[\033[00m\]\$ PYTHONPATH=/home/soham/line_follower_ws/build/line_follower_launch/prefix_override:/usr/lib/python3/dist-packages/colcon_core/task/python/colcon_distutils_commands:/home/soham/line_follower_ws/install/line_follower_launch/lib/python3.10/site-packages:${PYTHONPATH} VIRTUAL_ENV_PROMPT=(rl_env) /usr/bin/python3 -W ignore:setup.py install is deprecated -W ignore:easy_install command is deprecated setup.py egg_info --egg-base ../../build/line_follower_launch build --build-base /home/soham/line_follower_ws/build/line_follower_launch/build install --record /home/soham/line_follower_ws/build/line_follower_launch/install.log --single-version-externally-managed install_data --force
[1.036s] running egg_info
[1.046s] writing ../../build/line_follower_launch/line_follower_launch.egg-info/PKG-INFO
[1.046s] writing dependency_links to ../../build/line_follower_launch/line_follower_launch.egg-info/dependency_links.txt
[1.046s] writing requirements to ../../build/line_follower_launch/line_follower_launch.egg-info/requires.txt
[1.046s] writing top-level names to ../../build/line_follower_launch/line_follower_launch.egg-info/top_level.txt
[1.067s] reading manifest file '../../build/line_follower_launch/line_follower_launch.egg-info/SOURCES.txt'
[1.068s] writing manifest file '../../build/line_follower_launch/line_follower_launch.egg-info/SOURCES.txt'
[1.068s] running build
[1.068s] running build_py
[1.068s] copying line_follower_launch/__init__.py -> /home/soham/line_follower_ws/build/line_follower_launch/build/lib/line_follower_launch
[1.069s] running install
[1.072s] running install_lib
[1.083s] creating /home/soham/line_follower_ws/install/line_follower_launch/lib/python3.10/site-packages/line_follower_launch
[1.083s] copying /home/soham/line_follower_ws/build/line_follower_launch/build/lib/line_follower_launch/__init__.py -> /home/soham/line_follower_ws/install/line_follower_launch/lib/python3.10/site-packages/line_follower_launch
[1.083s] byte-compiling /home/soham/line_follower_ws/install/line_follower_launch/lib/python3.10/site-packages/line_follower_launch/__init__.py to __init__.cpython-310.pyc
[1.083s] running install_data
[1.083s] copying resource/line_follower_launch -> /home/soham/line_follower_ws/install/line_follower_launch/share/ament_index/resource_index/packages
[1.083s] copying package.xml -> /home/soham/line_follower_ws/install/line_follower_launch/share/line_follower_launch
[1.083s] copying launch/spawn_robot_in_gazebo.launch.py -> /home/soham/line_follower_ws/install/line_follower_launch/share/line_follower_launch/launch
[1.083s] running install_egg_info
[1.094s] Copying ../../build/line_follower_launch/line_follower_launch.egg-info to /home/soham/line_follower_ws/install/line_follower_launch/lib/python3.10/site-packages/line_follower_launch-0.0.1-py3.10.egg-info
[1.095s] running install_scripts
[1.179s] writing list of installed files to '/home/soham/line_follower_ws/build/line_follower_launch/install.log'
[1.196s] Invoked command in '/home/soham/line_follower_ws/src/line_follower_launch' returned '0': PS1=(rl_env) \[\e]0;\u@\h: \w\a\]${debian_chroot:+($debian_chroot)}\[\033[01;32m\]\u@\h\[\033[00m\]:\[\033[01;34m\]\w\[\033[00m\]\$ PYTHONPATH=/home/soham/line_follower_ws/build/line_follower_launch/prefix_override:/usr/lib/python3/dist-packages/colcon_core/task/python/colcon_distutils_commands:/home/soham/line_follower_ws/install/line_follower_launch/lib/python3.10/site-packages:${PYTHONPATH} VIRTUAL_ENV_PROMPT=(rl_env) /usr/bin/python3 -W ignore:setup.py install is deprecated -W ignore:easy_install command is deprecated setup.py egg_info --egg-base ../../build/line_follower_launch build --build-base /home/soham/line_follower_ws/build/line_follower_launch/build install --record /home/soham/line_follower_ws/build/line_follower_launch/install.log --single-version-externally-managed install_data --force
