[0.064s] DEBUG:colcon:Command line arguments: ['/usr/bin/colcon', 'build']
[0.064s] DEBUG:colcon:Parsed command line arguments: Namespace(log_base=None, log_level=None, verb_name='build', build_base='build', install_base='install', merge_install=False, symlink_install=False, test_result_base=None, continue_on_error=False, executor='parallel', parallel_workers=12, event_handlers=None, ignore_user_meta=False, metas=['./colcon.meta'], base_paths=['.'], packages_ignore=None, packages_ignore_regex=None, paths=None, packages_up_to=None, packages_up_to_regex=None, packages_above=None, packages_above_and_dependencies=None, packages_above_depth=None, packages_select_by_dep=None, packages_skip_by_dep=None, packages_skip_up_to=None, packages_select_build_failed=False, packages_skip_build_finished=False, packages_select_test_failures=False, packages_skip_test_passed=False, packages_select=None, packages_skip=None, packages_select_regex=None, packages_skip_regex=None, packages_start=None, packages_end=None, cmake_args=None, cmake_target=None, cmake_target_skip_unavailable=False, cmake_clean_cache=False, cmake_clean_first=False, cmake_force_configure=False, ament_cmake_args=None, catkin_cmake_args=None, catkin_skip_building_tests=False, verb_parser=<colcon_defaults.argument_parser.defaults.DefaultArgumentsDecorator object at 0x76b28b971fc0>, verb_extension=<colcon_core.verb.build.BuildVerb object at 0x76b28ba6fa60>, main=<bound method BuildVerb.main of <colcon_core.verb.build.BuildVerb object at 0x76b28ba6fa60>>)
[0.088s] Level 1:colcon.colcon_core.package_discovery:discover_packages(colcon_meta) check parameters
[0.088s] Level 1:colcon.colcon_core.package_discovery:discover_packages(recursive) check parameters
[0.088s] Level 1:colcon.colcon_core.package_discovery:discover_packages(ignore) check parameters
[0.088s] Level 1:colcon.colcon_core.package_discovery:discover_packages(path) check parameters
[0.088s] Level 1:colcon.colcon_core.package_discovery:discover_packages(colcon_meta) discover
[0.088s] Level 1:colcon.colcon_core.package_discovery:discover_packages(recursive) discover
[0.088s] INFO:colcon.colcon_core.package_discovery:Crawling recursively for packages in '/home/soham/line_follower_ws/src/line_follower_world'
[0.088s] Level 1:colcon.colcon_core.package_identification:_identify(.) by extensions ['ignore', 'ignore_ament_install']
[0.088s] Level 1:colcon.colcon_core.package_identification:_identify(.) by extension 'ignore'
[0.088s] Level 1:colcon.colcon_core.package_identification:_identify(.) by extension 'ignore_ament_install'
[0.088s] Level 1:colcon.colcon_core.package_identification:_identify(.) by extensions ['colcon_pkg']
[0.088s] Level 1:colcon.colcon_core.package_identification:_identify(.) by extension 'colcon_pkg'
[0.088s] Level 1:colcon.colcon_core.package_identification:_identify(.) by extensions ['colcon_meta']
[0.088s] Level 1:colcon.colcon_core.package_identification:_identify(.) by extension 'colcon_meta'
[0.088s] Level 1:colcon.colcon_core.package_identification:_identify(.) by extensions ['ros']
[0.088s] Level 1:colcon.colcon_core.package_identification:_identify(.) by extension 'ros'
[0.098s] Level 1:colcon.colcon_core.package_identification:_identify(.) by extensions ['cmake', 'python']
[0.098s] Level 1:colcon.colcon_core.package_identification:_identify(.) by extension 'cmake'
[0.098s] Level 1:colcon.colcon_core.package_identification:_identify(.) by extension 'python'
[0.098s] Level 1:colcon.colcon_core.package_identification:_identify(.) by extensions ['python_setup_py']
[0.098s] Level 1:colcon.colcon_core.package_identification:_identify(.) by extension 'python_setup_py'
[0.098s] Level 1:colcon.colcon_core.package_identification:_identify(build) by extensions ['ignore', 'ignore_ament_install']
[0.098s] Level 1:colcon.colcon_core.package_identification:_identify(build) by extension 'ignore'
[0.098s] Level 1:colcon.colcon_core.package_identification:_identify(build) ignored
[0.098s] Level 1:colcon.colcon_core.package_identification:_identify(install) by extensions ['ignore', 'ignore_ament_install']
[0.098s] Level 1:colcon.colcon_core.package_identification:_identify(install) by extension 'ignore'
[0.098s] Level 1:colcon.colcon_core.package_identification:_identify(install) ignored
[0.098s] Level 1:colcon.colcon_core.package_identification:_identify(log) by extensions ['ignore', 'ignore_ament_install']
[0.098s] Level 1:colcon.colcon_core.package_identification:_identify(log) by extension 'ignore'
[0.098s] Level 1:colcon.colcon_core.package_identification:_identify(log) ignored
[0.098s] Level 1:colcon.colcon_core.package_identification:_identify(models) by extensions ['ignore', 'ignore_ament_install']
[0.098s] Level 1:colcon.colcon_core.package_identification:_identify(models) by extension 'ignore'
[0.098s] Level 1:colcon.colcon_core.package_identification:_identify(models) by extension 'ignore_ament_install'
[0.098s] Level 1:colcon.colcon_core.package_identification:_identify(models) by extensions ['colcon_pkg']
[0.098s] Level 1:colcon.colcon_core.package_identification:_identify(models) by extension 'colcon_pkg'
[0.098s] Level 1:colcon.colcon_core.package_identification:_identify(models) by extensions ['colcon_meta']
[0.099s] Level 1:colcon.colcon_core.package_identification:_identify(models) by extension 'colcon_meta'
[0.099s] Level 1:colcon.colcon_core.package_identification:_identify(models) by extensions ['ros']
[0.099s] Level 1:colcon.colcon_core.package_identification:_identify(models) by extension 'ros'
[0.099s] Level 1:colcon.colcon_core.package_identification:_identify(models) by extensions ['cmake', 'python']
[0.099s] Level 1:colcon.colcon_core.package_identification:_identify(models) by extension 'cmake'
[0.099s] Level 1:colcon.colcon_core.package_identification:_identify(models) by extension 'python'
[0.099s] Level 1:colcon.colcon_core.package_identification:_identify(models) by extensions ['python_setup_py']
[0.099s] Level 1:colcon.colcon_core.package_identification:_identify(models) by extension 'python_setup_py'
[0.099s] Level 1:colcon.colcon_core.package_identification:_identify(models/track2) by extensions ['ignore', 'ignore_ament_install']
[0.099s] Level 1:colcon.colcon_core.package_identification:_identify(models/track2) by extension 'ignore'
[0.099s] Level 1:colcon.colcon_core.package_identification:_identify(models/track2) by extension 'ignore_ament_install'
[0.099s] Level 1:colcon.colcon_core.package_identification:_identify(models/track2) by extensions ['colcon_pkg']
[0.099s] Level 1:colcon.colcon_core.package_identification:_identify(models/track2) by extension 'colcon_pkg'
[0.099s] Level 1:colcon.colcon_core.package_identification:_identify(models/track2) by extensions ['colcon_meta']
[0.099s] Level 1:colcon.colcon_core.package_identification:_identify(models/track2) by extension 'colcon_meta'
[0.099s] Level 1:colcon.colcon_core.package_identification:_identify(models/track2) by extensions ['ros']
[0.099s] Level 1:colcon.colcon_core.package_identification:_identify(models/track2) by extension 'ros'
[0.099s] Level 1:colcon.colcon_core.package_identification:_identify(models/track2) by extensions ['cmake', 'python']
[0.099s] Level 1:colcon.colcon_core.package_identification:_identify(models/track2) by extension 'cmake'
[0.099s] Level 1:colcon.colcon_core.package_identification:_identify(models/track2) by extension 'python'
[0.099s] Level 1:colcon.colcon_core.package_identification:_identify(models/track2) by extensions ['python_setup_py']
[0.099s] Level 1:colcon.colcon_core.package_identification:_identify(models/track2) by extension 'python_setup_py'
[0.099s] Level 1:colcon.colcon_core.package_identification:_identify(models/track2/materials) by extensions ['ignore', 'ignore_ament_install']
[0.099s] Level 1:colcon.colcon_core.package_identification:_identify(models/track2/materials) by extension 'ignore'
[0.099s] Level 1:colcon.colcon_core.package_identification:_identify(models/track2/materials) by extension 'ignore_ament_install'
[0.099s] Level 1:colcon.colcon_core.package_identification:_identify(models/track2/materials) by extensions ['colcon_pkg']
[0.099s] Level 1:colcon.colcon_core.package_identification:_identify(models/track2/materials) by extension 'colcon_pkg'
[0.099s] Level 1:colcon.colcon_core.package_identification:_identify(models/track2/materials) by extensions ['colcon_meta']
[0.099s] Level 1:colcon.colcon_core.package_identification:_identify(models/track2/materials) by extension 'colcon_meta'
[0.099s] Level 1:colcon.colcon_core.package_identification:_identify(models/track2/materials) by extensions ['ros']
[0.099s] Level 1:colcon.colcon_core.package_identification:_identify(models/track2/materials) by extension 'ros'
[0.099s] Level 1:colcon.colcon_core.package_identification:_identify(models/track2/materials) by extensions ['cmake', 'python']
[0.099s] Level 1:colcon.colcon_core.package_identification:_identify(models/track2/materials) by extension 'cmake'
[0.099s] Level 1:colcon.colcon_core.package_identification:_identify(models/track2/materials) by extension 'python'
[0.099s] Level 1:colcon.colcon_core.package_identification:_identify(models/track2/materials) by extensions ['python_setup_py']
[0.099s] Level 1:colcon.colcon_core.package_identification:_identify(models/track2/materials) by extension 'python_setup_py'
[0.099s] Level 1:colcon.colcon_core.package_identification:_identify(models/track2/materials/scripts) by extensions ['ignore', 'ignore_ament_install']
[0.099s] Level 1:colcon.colcon_core.package_identification:_identify(models/track2/materials/scripts) by extension 'ignore'
[0.100s] Level 1:colcon.colcon_core.package_identification:_identify(models/track2/materials/scripts) by extension 'ignore_ament_install'
[0.100s] Level 1:colcon.colcon_core.package_identification:_identify(models/track2/materials/scripts) by extensions ['colcon_pkg']
[0.100s] Level 1:colcon.colcon_core.package_identification:_identify(models/track2/materials/scripts) by extension 'colcon_pkg'
[0.100s] Level 1:colcon.colcon_core.package_identification:_identify(models/track2/materials/scripts) by extensions ['colcon_meta']
[0.100s] Level 1:colcon.colcon_core.package_identification:_identify(models/track2/materials/scripts) by extension 'colcon_meta'
[0.100s] Level 1:colcon.colcon_core.package_identification:_identify(models/track2/materials/scripts) by extensions ['ros']
[0.100s] Level 1:colcon.colcon_core.package_identification:_identify(models/track2/materials/scripts) by extension 'ros'
[0.100s] Level 1:colcon.colcon_core.package_identification:_identify(models/track2/materials/scripts) by extensions ['cmake', 'python']
[0.100s] Level 1:colcon.colcon_core.package_identification:_identify(models/track2/materials/scripts) by extension 'cmake'
[0.100s] Level 1:colcon.colcon_core.package_identification:_identify(models/track2/materials/scripts) by extension 'python'
[0.100s] Level 1:colcon.colcon_core.package_identification:_identify(models/track2/materials/scripts) by extensions ['python_setup_py']
[0.100s] Level 1:colcon.colcon_core.package_identification:_identify(models/track2/materials/scripts) by extension 'python_setup_py'
[0.100s] Level 1:colcon.colcon_core.package_identification:_identify(models/track2/materials/textures) by extensions ['ignore', 'ignore_ament_install']
[0.100s] Level 1:colcon.colcon_core.package_identification:_identify(models/track2/materials/textures) by extension 'ignore'
[0.100s] Level 1:colcon.colcon_core.package_identification:_identify(models/track2/materials/textures) by extension 'ignore_ament_install'
[0.100s] Level 1:colcon.colcon_core.package_identification:_identify(models/track2/materials/textures) by extensions ['colcon_pkg']
[0.100s] Level 1:colcon.colcon_core.package_identification:_identify(models/track2/materials/textures) by extension 'colcon_pkg'
[0.100s] Level 1:colcon.colcon_core.package_identification:_identify(models/track2/materials/textures) by extensions ['colcon_meta']
[0.100s] Level 1:colcon.colcon_core.package_identification:_identify(models/track2/materials/textures) by extension 'colcon_meta'
[0.100s] Level 1:colcon.colcon_core.package_identification:_identify(models/track2/materials/textures) by extensions ['ros']
[0.100s] Level 1:colcon.colcon_core.package_identification:_identify(models/track2/materials/textures) by extension 'ros'
[0.100s] Level 1:colcon.colcon_core.package_identification:_identify(models/track2/materials/textures) by extensions ['cmake', 'python']
[0.100s] Level 1:colcon.colcon_core.package_identification:_identify(models/track2/materials/textures) by extension 'cmake'
[0.100s] Level 1:colcon.colcon_core.package_identification:_identify(models/track2/materials/textures) by extension 'python'
[0.100s] Level 1:colcon.colcon_core.package_identification:_identify(models/track2/materials/textures) by extensions ['python_setup_py']
[0.100s] Level 1:colcon.colcon_core.package_identification:_identify(models/track2/materials/textures) by extension 'python_setup_py'
[0.100s] Level 1:colcon.colcon_core.package_identification:_identify(worlds) by extensions ['ignore', 'ignore_ament_install']
[0.100s] Level 1:colcon.colcon_core.package_identification:_identify(worlds) by extension 'ignore'
[0.100s] Level 1:colcon.colcon_core.package_identification:_identify(worlds) by extension 'ignore_ament_install'
[0.100s] Level 1:colcon.colcon_core.package_identification:_identify(worlds) by extensions ['colcon_pkg']
[0.100s] Level 1:colcon.colcon_core.package_identification:_identify(worlds) by extension 'colcon_pkg'
[0.100s] Level 1:colcon.colcon_core.package_identification:_identify(worlds) by extensions ['colcon_meta']
[0.100s] Level 1:colcon.colcon_core.package_identification:_identify(worlds) by extension 'colcon_meta'
[0.100s] Level 1:colcon.colcon_core.package_identification:_identify(worlds) by extensions ['ros']
[0.100s] Level 1:colcon.colcon_core.package_identification:_identify(worlds) by extension 'ros'
[0.100s] Level 1:colcon.colcon_core.package_identification:_identify(worlds) by extensions ['cmake', 'python']
[0.100s] Level 1:colcon.colcon_core.package_identification:_identify(worlds) by extension 'cmake'
[0.100s] Level 1:colcon.colcon_core.package_identification:_identify(worlds) by extension 'python'
[0.100s] Level 1:colcon.colcon_core.package_identification:_identify(worlds) by extensions ['python_setup_py']
[0.100s] Level 1:colcon.colcon_core.package_identification:_identify(worlds) by extension 'python_setup_py'
[0.101s] Level 1:colcon.colcon_core.package_discovery:discover_packages(recursive) using defaults
[0.101s] Level 1:colcon.colcon_core.package_discovery:discover_packages(ignore) discover
[0.101s] Level 1:colcon.colcon_core.package_discovery:discover_packages(ignore) using defaults
[0.101s] Level 1:colcon.colcon_core.package_discovery:discover_packages(path) discover
[0.101s] Level 1:colcon.colcon_core.package_discovery:discover_packages(path) using defaults
[0.113s] INFO:colcon.colcon_core.executor:Executing jobs using 'parallel' executor
[0.114s] DEBUG:colcon.colcon_parallel_executor.executor.parallel:run_until_complete
[0.114s] DEBUG:colcon.colcon_parallel_executor.executor.parallel:closing loop
[0.114s] DEBUG:colcon.colcon_parallel_executor.executor.parallel:loop closed
[0.114s] DEBUG:colcon.colcon_parallel_executor.executor.parallel:run_until_complete finished with '0'
[0.114s] DEBUG:colcon.colcon_core.event_reactor:joining thread
[0.117s] INFO:colcon.colcon_core.plugin_system:Skipping extension 'colcon_notification.desktop_notification.terminal_notifier': Not used on non-Darwin systems
[0.117s] INFO:colcon.colcon_core.plugin_system:Skipping extension 'colcon_notification.desktop_notification.win32': Not used on non-Windows systems
[0.117s] INFO:colcon.colcon_notification.desktop_notification:Sending desktop notification using 'notify2'
[0.124s] DEBUG:colcon.colcon_core.event_reactor:joined thread
[0.126s] INFO:colcon.colcon_core.plugin_system:Skipping extension 'colcon_core.shell.bat': Not used on non-Windows systems
[0.126s] INFO:colcon.colcon_core.shell:Creating prefix script '/home/soham/line_follower_ws/src/line_follower_world/install/local_setup.ps1'
[0.127s] INFO:colcon.colcon_core.shell:Creating prefix util module '/home/soham/line_follower_ws/src/line_follower_world/install/_local_setup_util_ps1.py'
[0.128s] INFO:colcon.colcon_core.shell:Creating prefix chain script '/home/soham/line_follower_ws/src/line_follower_world/install/setup.ps1'
[0.129s] INFO:colcon.colcon_core.shell:Creating prefix script '/home/soham/line_follower_ws/src/line_follower_world/install/local_setup.sh'
[0.130s] INFO:colcon.colcon_core.shell:Creating prefix util module '/home/soham/line_follower_ws/src/line_follower_world/install/_local_setup_util_sh.py'
[0.130s] INFO:colcon.colcon_core.shell:Creating prefix chain script '/home/soham/line_follower_ws/src/line_follower_world/install/setup.sh'
[0.131s] INFO:colcon.colcon_core.shell:Creating prefix script '/home/soham/line_follower_ws/src/line_follower_world/install/local_setup.bash'
[0.131s] INFO:colcon.colcon_core.shell:Creating prefix chain script '/home/soham/line_follower_ws/src/line_follower_world/install/setup.bash'
[0.132s] INFO:colcon.colcon_core.shell:Creating prefix script '/home/soham/line_follower_ws/src/line_follower_world/install/local_setup.zsh'
[0.132s] INFO:colcon.colcon_core.shell:Creating prefix chain script '/home/soham/line_follower_ws/src/line_follower_world/install/setup.zsh'
