[0.185s] DEBUG:colcon:Command line arguments: ['/usr/bin/colcon', 'build']
[0.185s] DEBUG:colcon:Parsed command line arguments: Namespace(log_base=None, log_level=None, verb_name='build', build_base='build', install_base='install', merge_install=False, symlink_install=False, test_result_base=None, continue_on_error=False, executor='parallel', parallel_workers=12, event_handlers=None, ignore_user_meta=False, metas=['./colcon.meta'], base_paths=['.'], packages_ignore=None, packages_ignore_regex=None, paths=None, packages_up_to=None, packages_up_to_regex=None, packages_above=None, packages_above_and_dependencies=None, packages_above_depth=None, packages_select_by_dep=None, packages_skip_by_dep=None, packages_skip_up_to=None, packages_select_build_failed=False, packages_skip_build_finished=False, packages_select_test_failures=False, packages_skip_test_passed=False, packages_select=None, packages_skip=None, packages_select_regex=None, packages_skip_regex=None, packages_start=None, packages_end=None, cmake_args=None, cmake_target=None, cmake_target_skip_unavailable=False, cmake_clean_cache=False, cmake_clean_first=False, cmake_force_configure=False, ament_cmake_args=None, catkin_cmake_args=None, catkin_skip_building_tests=False, verb_parser=<colcon_defaults.argument_parser.defaults.DefaultArgumentsDecorator object at 0x7ca77226ece0>, verb_extension=<colcon_core.verb.build.BuildVerb object at 0x7ca7723ac760>, main=<bound method BuildVerb.main of <colcon_core.verb.build.BuildVerb object at 0x7ca7723ac760>>)
[0.255s] Level 1:colcon.colcon_core.package_discovery:discover_packages(colcon_meta) check parameters
[0.256s] Level 1:colcon.colcon_core.package_discovery:discover_packages(recursive) check parameters
[0.256s] Level 1:colcon.colcon_core.package_discovery:discover_packages(ignore) check parameters
[0.256s] Level 1:colcon.colcon_core.package_discovery:discover_packages(path) check parameters
[0.256s] Level 1:colcon.colcon_core.package_discovery:discover_packages(colcon_meta) discover
[0.256s] Level 1:colcon.colcon_core.package_discovery:discover_packages(recursive) discover
[0.256s] INFO:colcon.colcon_core.package_discovery:Crawling recursively for packages in '/home/soham/line_follower_ws'
[0.256s] Level 1:colcon.colcon_core.package_identification:_identify(.) by extensions ['ignore', 'ignore_ament_install']
[0.256s] Level 1:colcon.colcon_core.package_identification:_identify(.) by extension 'ignore'
[0.256s] Level 1:colcon.colcon_core.package_identification:_identify(.) by extension 'ignore_ament_install'
[0.256s] Level 1:colcon.colcon_core.package_identification:_identify(.) by extensions ['colcon_pkg']
[0.256s] Level 1:colcon.colcon_core.package_identification:_identify(.) by extension 'colcon_pkg'
[0.256s] Level 1:colcon.colcon_core.package_identification:_identify(.) by extensions ['colcon_meta']
[0.256s] Level 1:colcon.colcon_core.package_identification:_identify(.) by extension 'colcon_meta'
[0.256s] Level 1:colcon.colcon_core.package_identification:_identify(.) by extensions ['ros']
[0.257s] Level 1:colcon.colcon_core.package_identification:_identify(.) by extension 'ros'
[0.278s] Level 1:colcon.colcon_core.package_identification:_identify(.) by extensions ['cmake', 'python']
[0.278s] Level 1:colcon.colcon_core.package_identification:_identify(.) by extension 'cmake'
[0.278s] Level 1:colcon.colcon_core.package_identification:_identify(.) by extension 'python'
[0.278s] Level 1:colcon.colcon_core.package_identification:_identify(.) by extensions ['python_setup_py']
[0.278s] Level 1:colcon.colcon_core.package_identification:_identify(.) by extension 'python_setup_py'
[0.278s] Level 1:colcon.colcon_core.package_identification:_identify(build) by extensions ['ignore', 'ignore_ament_install']
[0.278s] Level 1:colcon.colcon_core.package_identification:_identify(build) by extension 'ignore'
[0.278s] Level 1:colcon.colcon_core.package_identification:_identify(build) ignored
[0.278s] Level 1:colcon.colcon_core.package_identification:_identify(install) by extensions ['ignore', 'ignore_ament_install']
[0.279s] Level 1:colcon.colcon_core.package_identification:_identify(install) by extension 'ignore'
[0.279s] Level 1:colcon.colcon_core.package_identification:_identify(install) ignored
[0.279s] Level 1:colcon.colcon_core.package_identification:_identify(log) by extensions ['ignore', 'ignore_ament_install']
[0.279s] Level 1:colcon.colcon_core.package_identification:_identify(log) by extension 'ignore'
[0.279s] Level 1:colcon.colcon_core.package_identification:_identify(log) ignored
[0.279s] Level 1:colcon.colcon_core.package_identification:_identify(src) by extensions ['ignore', 'ignore_ament_install']
[0.279s] Level 1:colcon.colcon_core.package_identification:_identify(src) by extension 'ignore'
[0.279s] Level 1:colcon.colcon_core.package_identification:_identify(src) by extension 'ignore_ament_install'
[0.279s] Level 1:colcon.colcon_core.package_identification:_identify(src) by extensions ['colcon_pkg']
[0.279s] Level 1:colcon.colcon_core.package_identification:_identify(src) by extension 'colcon_pkg'
[0.279s] Level 1:colcon.colcon_core.package_identification:_identify(src) by extensions ['colcon_meta']
[0.279s] Level 1:colcon.colcon_core.package_identification:_identify(src) by extension 'colcon_meta'
[0.279s] Level 1:colcon.colcon_core.package_identification:_identify(src) by extensions ['ros']
[0.279s] Level 1:colcon.colcon_core.package_identification:_identify(src) by extension 'ros'
[0.279s] Level 1:colcon.colcon_core.package_identification:_identify(src) by extensions ['cmake', 'python']
[0.279s] Level 1:colcon.colcon_core.package_identification:_identify(src) by extension 'cmake'
[0.280s] Level 1:colcon.colcon_core.package_identification:_identify(src) by extension 'python'
[0.280s] Level 1:colcon.colcon_core.package_identification:_identify(src) by extensions ['python_setup_py']
[0.280s] Level 1:colcon.colcon_core.package_identification:_identify(src) by extension 'python_setup_py'
[0.280s] Level 1:colcon.colcon_core.package_identification:_identify(src/line_follower_launch) by extensions ['ignore', 'ignore_ament_install']
[0.280s] Level 1:colcon.colcon_core.package_identification:_identify(src/line_follower_launch) by extension 'ignore'
[0.280s] Level 1:colcon.colcon_core.package_identification:_identify(src/line_follower_launch) by extension 'ignore_ament_install'
[0.280s] Level 1:colcon.colcon_core.package_identification:_identify(src/line_follower_launch) by extensions ['colcon_pkg']
[0.280s] Level 1:colcon.colcon_core.package_identification:_identify(src/line_follower_launch) by extension 'colcon_pkg'
[0.280s] Level 1:colcon.colcon_core.package_identification:_identify(src/line_follower_launch) by extensions ['colcon_meta']
[0.280s] Level 1:colcon.colcon_core.package_identification:_identify(src/line_follower_launch) by extension 'colcon_meta'
[0.281s] Level 1:colcon.colcon_core.package_identification:_identify(src/line_follower_launch) by extensions ['ros']
[0.281s] Level 1:colcon.colcon_core.package_identification:_identify(src/line_follower_launch) by extension 'ros'
[0.284s] DEBUG:colcon.colcon_core.package_identification:Package 'src/line_follower_launch' with type 'ros.ament_python' and name 'line_follower_launch'
[0.285s] Level 1:colcon.colcon_core.package_identification:_identify(src/line_follower_world) by extensions ['ignore', 'ignore_ament_install']
[0.285s] Level 1:colcon.colcon_core.package_identification:_identify(src/line_follower_world) by extension 'ignore'
[0.285s] Level 1:colcon.colcon_core.package_identification:_identify(src/line_follower_world) by extension 'ignore_ament_install'
[0.285s] Level 1:colcon.colcon_core.package_identification:_identify(src/line_follower_world) by extensions ['colcon_pkg']
[0.285s] Level 1:colcon.colcon_core.package_identification:_identify(src/line_follower_world) by extension 'colcon_pkg'
[0.285s] Level 1:colcon.colcon_core.package_identification:_identify(src/line_follower_world) by extensions ['colcon_meta']
[0.285s] Level 1:colcon.colcon_core.package_identification:_identify(src/line_follower_world) by extension 'colcon_meta'
[0.285s] Level 1:colcon.colcon_core.package_identification:_identify(src/line_follower_world) by extensions ['ros']
[0.285s] Level 1:colcon.colcon_core.package_identification:_identify(src/line_follower_world) by extension 'ros'
[0.285s] Level 1:colcon.colcon_core.package_identification:_identify(src/line_follower_world) by extensions ['cmake', 'python']
[0.285s] Level 1:colcon.colcon_core.package_identification:_identify(src/line_follower_world) by extension 'cmake'
[0.285s] Level 1:colcon.colcon_core.package_identification:_identify(src/line_follower_world) by extension 'python'
[0.285s] Level 1:colcon.colcon_core.package_identification:_identify(src/line_follower_world) by extensions ['python_setup_py']
[0.285s] Level 1:colcon.colcon_core.package_identification:_identify(src/line_follower_world) by extension 'python_setup_py'
[0.286s] Level 1:colcon.colcon_core.package_identification:_identify(src/line_follower_world/build) by extensions ['ignore', 'ignore_ament_install']
[0.286s] Level 1:colcon.colcon_core.package_identification:_identify(src/line_follower_world/build) by extension 'ignore'
[0.286s] Level 1:colcon.colcon_core.package_identification:_identify(src/line_follower_world/build) ignored
[0.286s] Level 1:colcon.colcon_core.package_identification:_identify(src/line_follower_world/install) by extensions ['ignore', 'ignore_ament_install']
[0.286s] Level 1:colcon.colcon_core.package_identification:_identify(src/line_follower_world/install) by extension 'ignore'
[0.286s] Level 1:colcon.colcon_core.package_identification:_identify(src/line_follower_world/install) ignored
[0.286s] Level 1:colcon.colcon_core.package_identification:_identify(src/line_follower_world/log) by extensions ['ignore', 'ignore_ament_install']
[0.287s] Level 1:colcon.colcon_core.package_identification:_identify(src/line_follower_world/log) by extension 'ignore'
[0.287s] Level 1:colcon.colcon_core.package_identification:_identify(src/line_follower_world/log) ignored
[0.287s] Level 1:colcon.colcon_core.package_identification:_identify(src/line_follower_world/models) by extensions ['ignore', 'ignore_ament_install']
[0.287s] Level 1:colcon.colcon_core.package_identification:_identify(src/line_follower_world/models) by extension 'ignore'
[0.287s] Level 1:colcon.colcon_core.package_identification:_identify(src/line_follower_world/models) by extension 'ignore_ament_install'
[0.287s] Level 1:colcon.colcon_core.package_identification:_identify(src/line_follower_world/models) by extensions ['colcon_pkg']
[0.287s] Level 1:colcon.colcon_core.package_identification:_identify(src/line_follower_world/models) by extension 'colcon_pkg'
[0.287s] Level 1:colcon.colcon_core.package_identification:_identify(src/line_follower_world/models) by extensions ['colcon_meta']
[0.287s] Level 1:colcon.colcon_core.package_identification:_identify(src/line_follower_world/models) by extension 'colcon_meta'
[0.287s] Level 1:colcon.colcon_core.package_identification:_identify(src/line_follower_world/models) by extensions ['ros']
[0.287s] Level 1:colcon.colcon_core.package_identification:_identify(src/line_follower_world/models) by extension 'ros'
[0.287s] Level 1:colcon.colcon_core.package_identification:_identify(src/line_follower_world/models) by extensions ['cmake', 'python']
[0.287s] Level 1:colcon.colcon_core.package_identification:_identify(src/line_follower_world/models) by extension 'cmake'
[0.287s] Level 1:colcon.colcon_core.package_identification:_identify(src/line_follower_world/models) by extension 'python'
[0.287s] Level 1:colcon.colcon_core.package_identification:_identify(src/line_follower_world/models) by extensions ['python_setup_py']
[0.287s] Level 1:colcon.colcon_core.package_identification:_identify(src/line_follower_world/models) by extension 'python_setup_py'
[0.288s] Level 1:colcon.colcon_core.package_identification:_identify(src/line_follower_world/models/tinker) by extensions ['ignore', 'ignore_ament_install']
[0.288s] Level 1:colcon.colcon_core.package_identification:_identify(src/line_follower_world/models/tinker) by extension 'ignore'
[0.288s] Level 1:colcon.colcon_core.package_identification:_identify(src/line_follower_world/models/tinker) by extension 'ignore_ament_install'
[0.288s] Level 1:colcon.colcon_core.package_identification:_identify(src/line_follower_world/models/tinker) by extensions ['colcon_pkg']
[0.288s] Level 1:colcon.colcon_core.package_identification:_identify(src/line_follower_world/models/tinker) by extension 'colcon_pkg'
[0.288s] Level 1:colcon.colcon_core.package_identification:_identify(src/line_follower_world/models/tinker) by extensions ['colcon_meta']
[0.288s] Level 1:colcon.colcon_core.package_identification:_identify(src/line_follower_world/models/tinker) by extension 'colcon_meta'
[0.288s] Level 1:colcon.colcon_core.package_identification:_identify(src/line_follower_world/models/tinker) by extensions ['ros']
[0.288s] Level 1:colcon.colcon_core.package_identification:_identify(src/line_follower_world/models/tinker) by extension 'ros'
[0.288s] Level 1:colcon.colcon_core.package_identification:_identify(src/line_follower_world/models/tinker) by extensions ['cmake', 'python']
[0.288s] Level 1:colcon.colcon_core.package_identification:_identify(src/line_follower_world/models/tinker) by extension 'cmake'
[0.288s] Level 1:colcon.colcon_core.package_identification:_identify(src/line_follower_world/models/tinker) by extension 'python'
[0.288s] Level 1:colcon.colcon_core.package_identification:_identify(src/line_follower_world/models/tinker) by extensions ['python_setup_py']
[0.288s] Level 1:colcon.colcon_core.package_identification:_identify(src/line_follower_world/models/tinker) by extension 'python_setup_py'
[0.289s] Level 1:colcon.colcon_core.package_identification:_identify(src/line_follower_world/models/tinker/meshes) by extensions ['ignore', 'ignore_ament_install']
[0.289s] Level 1:colcon.colcon_core.package_identification:_identify(src/line_follower_world/models/tinker/meshes) by extension 'ignore'
[0.289s] Level 1:colcon.colcon_core.package_identification:_identify(src/line_follower_world/models/tinker/meshes) by extension 'ignore_ament_install'
[0.289s] Level 1:colcon.colcon_core.package_identification:_identify(src/line_follower_world/models/tinker/meshes) by extensions ['colcon_pkg']
[0.289s] Level 1:colcon.colcon_core.package_identification:_identify(src/line_follower_world/models/tinker/meshes) by extension 'colcon_pkg'
[0.289s] Level 1:colcon.colcon_core.package_identification:_identify(src/line_follower_world/models/tinker/meshes) by extensions ['colcon_meta']
[0.289s] Level 1:colcon.colcon_core.package_identification:_identify(src/line_follower_world/models/tinker/meshes) by extension 'colcon_meta'
[0.289s] Level 1:colcon.colcon_core.package_identification:_identify(src/line_follower_world/models/tinker/meshes) by extensions ['ros']
[0.289s] Level 1:colcon.colcon_core.package_identification:_identify(src/line_follower_world/models/tinker/meshes) by extension 'ros'
[0.289s] Level 1:colcon.colcon_core.package_identification:_identify(src/line_follower_world/models/tinker/meshes) by extensions ['cmake', 'python']
[0.289s] Level 1:colcon.colcon_core.package_identification:_identify(src/line_follower_world/models/tinker/meshes) by extension 'cmake'
[0.289s] Level 1:colcon.colcon_core.package_identification:_identify(src/line_follower_world/models/tinker/meshes) by extension 'python'
[0.289s] Level 1:colcon.colcon_core.package_identification:_identify(src/line_follower_world/models/tinker/meshes) by extensions ['python_setup_py']
[0.289s] Level 1:colcon.colcon_core.package_identification:_identify(src/line_follower_world/models/tinker/meshes) by extension 'python_setup_py'
[0.290s] Level 1:colcon.colcon_core.package_identification:_identify(src/line_follower_world/models/track1) by extensions ['ignore', 'ignore_ament_install']
[0.290s] Level 1:colcon.colcon_core.package_identification:_identify(src/line_follower_world/models/track1) by extension 'ignore'
[0.290s] Level 1:colcon.colcon_core.package_identification:_identify(src/line_follower_world/models/track1) by extension 'ignore_ament_install'
[0.290s] Level 1:colcon.colcon_core.package_identification:_identify(src/line_follower_world/models/track1) by extensions ['colcon_pkg']
[0.290s] Level 1:colcon.colcon_core.package_identification:_identify(src/line_follower_world/models/track1) by extension 'colcon_pkg'
[0.290s] Level 1:colcon.colcon_core.package_identification:_identify(src/line_follower_world/models/track1) by extensions ['colcon_meta']
[0.290s] Level 1:colcon.colcon_core.package_identification:_identify(src/line_follower_world/models/track1) by extension 'colcon_meta'
[0.290s] Level 1:colcon.colcon_core.package_identification:_identify(src/line_follower_world/models/track1) by extensions ['ros']
[0.290s] Level 1:colcon.colcon_core.package_identification:_identify(src/line_follower_world/models/track1) by extension 'ros'
[0.290s] Level 1:colcon.colcon_core.package_identification:_identify(src/line_follower_world/models/track1) by extensions ['cmake', 'python']
[0.290s] Level 1:colcon.colcon_core.package_identification:_identify(src/line_follower_world/models/track1) by extension 'cmake'
[0.290s] Level 1:colcon.colcon_core.package_identification:_identify(src/line_follower_world/models/track1) by extension 'python'
[0.290s] Level 1:colcon.colcon_core.package_identification:_identify(src/line_follower_world/models/track1) by extensions ['python_setup_py']
[0.290s] Level 1:colcon.colcon_core.package_identification:_identify(src/line_follower_world/models/track1) by extension 'python_setup_py'
[0.290s] Level 1:colcon.colcon_core.package_identification:_identify(src/line_follower_world/models/track1/thumbnails) by extensions ['ignore', 'ignore_ament_install']
[0.291s] Level 1:colcon.colcon_core.package_identification:_identify(src/line_follower_world/models/track1/thumbnails) by extension 'ignore'
[0.291s] Level 1:colcon.colcon_core.package_identification:_identify(src/line_follower_world/models/track1/thumbnails) by extension 'ignore_ament_install'
[0.291s] Level 1:colcon.colcon_core.package_identification:_identify(src/line_follower_world/models/track1/thumbnails) by extensions ['colcon_pkg']
[0.291s] Level 1:colcon.colcon_core.package_identification:_identify(src/line_follower_world/models/track1/thumbnails) by extension 'colcon_pkg'
[0.291s] Level 1:colcon.colcon_core.package_identification:_identify(src/line_follower_world/models/track1/thumbnails) by extensions ['colcon_meta']
[0.291s] Level 1:colcon.colcon_core.package_identification:_identify(src/line_follower_world/models/track1/thumbnails) by extension 'colcon_meta'
[0.291s] Level 1:colcon.colcon_core.package_identification:_identify(src/line_follower_world/models/track1/thumbnails) by extensions ['ros']
[0.291s] Level 1:colcon.colcon_core.package_identification:_identify(src/line_follower_world/models/track1/thumbnails) by extension 'ros'
[0.291s] Level 1:colcon.colcon_core.package_identification:_identify(src/line_follower_world/models/track1/thumbnails) by extensions ['cmake', 'python']
[0.291s] Level 1:colcon.colcon_core.package_identification:_identify(src/line_follower_world/models/track1/thumbnails) by extension 'cmake'
[0.291s] Level 1:colcon.colcon_core.package_identification:_identify(src/line_follower_world/models/track1/thumbnails) by extension 'python'
[0.291s] Level 1:colcon.colcon_core.package_identification:_identify(src/line_follower_world/models/track1/thumbnails) by extensions ['python_setup_py']
[0.291s] Level 1:colcon.colcon_core.package_identification:_identify(src/line_follower_world/models/track1/thumbnails) by extension 'python_setup_py'
[0.291s] Level 1:colcon.colcon_core.package_identification:_identify(src/line_follower_world/models/track2) by extensions ['ignore', 'ignore_ament_install']
[0.291s] Level 1:colcon.colcon_core.package_identification:_identify(src/line_follower_world/models/track2) by extension 'ignore'
[0.291s] Level 1:colcon.colcon_core.package_identification:_identify(src/line_follower_world/models/track2) by extension 'ignore_ament_install'
[0.292s] Level 1:colcon.colcon_core.package_identification:_identify(src/line_follower_world/models/track2) by extensions ['colcon_pkg']
[0.292s] Level 1:colcon.colcon_core.package_identification:_identify(src/line_follower_world/models/track2) by extension 'colcon_pkg'
[0.292s] Level 1:colcon.colcon_core.package_identification:_identify(src/line_follower_world/models/track2) by extensions ['colcon_meta']
[0.292s] Level 1:colcon.colcon_core.package_identification:_identify(src/line_follower_world/models/track2) by extension 'colcon_meta'
[0.292s] Level 1:colcon.colcon_core.package_identification:_identify(src/line_follower_world/models/track2) by extensions ['ros']
[0.292s] Level 1:colcon.colcon_core.package_identification:_identify(src/line_follower_world/models/track2) by extension 'ros'
[0.292s] Level 1:colcon.colcon_core.package_identification:_identify(src/line_follower_world/models/track2) by extensions ['cmake', 'python']
[0.292s] Level 1:colcon.colcon_core.package_identification:_identify(src/line_follower_world/models/track2) by extension 'cmake'
[0.292s] Level 1:colcon.colcon_core.package_identification:_identify(src/line_follower_world/models/track2) by extension 'python'
[0.292s] Level 1:colcon.colcon_core.package_identification:_identify(src/line_follower_world/models/track2) by extensions ['python_setup_py']
[0.292s] Level 1:colcon.colcon_core.package_identification:_identify(src/line_follower_world/models/track2) by extension 'python_setup_py'
[0.292s] Level 1:colcon.colcon_core.package_identification:_identify(src/line_follower_world/models/track2/materials) by extensions ['ignore', 'ignore_ament_install']
[0.292s] Level 1:colcon.colcon_core.package_identification:_identify(src/line_follower_world/models/track2/materials) by extension 'ignore'
[0.292s] Level 1:colcon.colcon_core.package_identification:_identify(src/line_follower_world/models/track2/materials) by extension 'ignore_ament_install'
[0.292s] Level 1:colcon.colcon_core.package_identification:_identify(src/line_follower_world/models/track2/materials) by extensions ['colcon_pkg']
[0.292s] Level 1:colcon.colcon_core.package_identification:_identify(src/line_follower_world/models/track2/materials) by extension 'colcon_pkg'
[0.292s] Level 1:colcon.colcon_core.package_identification:_identify(src/line_follower_world/models/track2/materials) by extensions ['colcon_meta']
[0.292s] Level 1:colcon.colcon_core.package_identification:_identify(src/line_follower_world/models/track2/materials) by extension 'colcon_meta'
[0.292s] Level 1:colcon.colcon_core.package_identification:_identify(src/line_follower_world/models/track2/materials) by extensions ['ros']
[0.292s] Level 1:colcon.colcon_core.package_identification:_identify(src/line_follower_world/models/track2/materials) by extension 'ros'
[0.293s] Level 1:colcon.colcon_core.package_identification:_identify(src/line_follower_world/models/track2/materials) by extensions ['cmake', 'python']
[0.293s] Level 1:colcon.colcon_core.package_identification:_identify(src/line_follower_world/models/track2/materials) by extension 'cmake'
[0.293s] Level 1:colcon.colcon_core.package_identification:_identify(src/line_follower_world/models/track2/materials) by extension 'python'
[0.293s] Level 1:colcon.colcon_core.package_identification:_identify(src/line_follower_world/models/track2/materials) by extensions ['python_setup_py']
[0.293s] Level 1:colcon.colcon_core.package_identification:_identify(src/line_follower_world/models/track2/materials) by extension 'python_setup_py'
[0.293s] Level 1:colcon.colcon_core.package_identification:_identify(src/line_follower_world/models/track2/materials/scripts) by extensions ['ignore', 'ignore_ament_install']
[0.293s] Level 1:colcon.colcon_core.package_identification:_identify(src/line_follower_world/models/track2/materials/scripts) by extension 'ignore'
[0.293s] Level 1:colcon.colcon_core.package_identification:_identify(src/line_follower_world/models/track2/materials/scripts) by extension 'ignore_ament_install'
[0.293s] Level 1:colcon.colcon_core.package_identification:_identify(src/line_follower_world/models/track2/materials/scripts) by extensions ['colcon_pkg']
[0.293s] Level 1:colcon.colcon_core.package_identification:_identify(src/line_follower_world/models/track2/materials/scripts) by extension 'colcon_pkg'
[0.293s] Level 1:colcon.colcon_core.package_identification:_identify(src/line_follower_world/models/track2/materials/scripts) by extensions ['colcon_meta']
[0.293s] Level 1:colcon.colcon_core.package_identification:_identify(src/line_follower_world/models/track2/materials/scripts) by extension 'colcon_meta'
[0.293s] Level 1:colcon.colcon_core.package_identification:_identify(src/line_follower_world/models/track2/materials/scripts) by extensions ['ros']
[0.293s] Level 1:colcon.colcon_core.package_identification:_identify(src/line_follower_world/models/track2/materials/scripts) by extension 'ros'
[0.293s] Level 1:colcon.colcon_core.package_identification:_identify(src/line_follower_world/models/track2/materials/scripts) by extensions ['cmake', 'python']
[0.293s] Level 1:colcon.colcon_core.package_identification:_identify(src/line_follower_world/models/track2/materials/scripts) by extension 'cmake'
[0.293s] Level 1:colcon.colcon_core.package_identification:_identify(src/line_follower_world/models/track2/materials/scripts) by extension 'python'
[0.293s] Level 1:colcon.colcon_core.package_identification:_identify(src/line_follower_world/models/track2/materials/scripts) by extensions ['python_setup_py']
[0.293s] Level 1:colcon.colcon_core.package_identification:_identify(src/line_follower_world/models/track2/materials/scripts) by extension 'python_setup_py'
[0.294s] Level 1:colcon.colcon_core.package_identification:_identify(src/line_follower_world/models/track2/materials/textures) by extensions ['ignore', 'ignore_ament_install']
[0.294s] Level 1:colcon.colcon_core.package_identification:_identify(src/line_follower_world/models/track2/materials/textures) by extension 'ignore'
[0.294s] Level 1:colcon.colcon_core.package_identification:_identify(src/line_follower_world/models/track2/materials/textures) by extension 'ignore_ament_install'
[0.294s] Level 1:colcon.colcon_core.package_identification:_identify(src/line_follower_world/models/track2/materials/textures) by extensions ['colcon_pkg']
[0.294s] Level 1:colcon.colcon_core.package_identification:_identify(src/line_follower_world/models/track2/materials/textures) by extension 'colcon_pkg'
[0.294s] Level 1:colcon.colcon_core.package_identification:_identify(src/line_follower_world/models/track2/materials/textures) by extensions ['colcon_meta']
[0.294s] Level 1:colcon.colcon_core.package_identification:_identify(src/line_follower_world/models/track2/materials/textures) by extension 'colcon_meta'
[0.294s] Level 1:colcon.colcon_core.package_identification:_identify(src/line_follower_world/models/track2/materials/textures) by extensions ['ros']
[0.294s] Level 1:colcon.colcon_core.package_identification:_identify(src/line_follower_world/models/track2/materials/textures) by extension 'ros'
[0.294s] Level 1:colcon.colcon_core.package_identification:_identify(src/line_follower_world/models/track2/materials/textures) by extensions ['cmake', 'python']
[0.294s] Level 1:colcon.colcon_core.package_identification:_identify(src/line_follower_world/models/track2/materials/textures) by extension 'cmake'
[0.294s] Level 1:colcon.colcon_core.package_identification:_identify(src/line_follower_world/models/track2/materials/textures) by extension 'python'
[0.295s] Level 1:colcon.colcon_core.package_identification:_identify(src/line_follower_world/models/track2/materials/textures) by extensions ['python_setup_py']
[0.295s] Level 1:colcon.colcon_core.package_identification:_identify(src/line_follower_world/models/track2/materials/textures) by extension 'python_setup_py'
[0.295s] Level 1:colcon.colcon_core.package_identification:_identify(src/line_follower_world/models/track2/meshes) by extensions ['ignore', 'ignore_ament_install']
[0.295s] Level 1:colcon.colcon_core.package_identification:_identify(src/line_follower_world/models/track2/meshes) by extension 'ignore'
[0.295s] Level 1:colcon.colcon_core.package_identification:_identify(src/line_follower_world/models/track2/meshes) by extension 'ignore_ament_install'
[0.295s] Level 1:colcon.colcon_core.package_identification:_identify(src/line_follower_world/models/track2/meshes) by extensions ['colcon_pkg']
[0.295s] Level 1:colcon.colcon_core.package_identification:_identify(src/line_follower_world/models/track2/meshes) by extension 'colcon_pkg'
[0.295s] Level 1:colcon.colcon_core.package_identification:_identify(src/line_follower_world/models/track2/meshes) by extensions ['colcon_meta']
[0.295s] Level 1:colcon.colcon_core.package_identification:_identify(src/line_follower_world/models/track2/meshes) by extension 'colcon_meta'
[0.295s] Level 1:colcon.colcon_core.package_identification:_identify(src/line_follower_world/models/track2/meshes) by extensions ['ros']
[0.295s] Level 1:colcon.colcon_core.package_identification:_identify(src/line_follower_world/models/track2/meshes) by extension 'ros'
[0.295s] Level 1:colcon.colcon_core.package_identification:_identify(src/line_follower_world/models/track2/meshes) by extensions ['cmake', 'python']
[0.295s] Level 1:colcon.colcon_core.package_identification:_identify(src/line_follower_world/models/track2/meshes) by extension 'cmake'
[0.296s] Level 1:colcon.colcon_core.package_identification:_identify(src/line_follower_world/models/track2/meshes) by extension 'python'
[0.296s] Level 1:colcon.colcon_core.package_identification:_identify(src/line_follower_world/models/track2/meshes) by extensions ['python_setup_py']
[0.296s] Level 1:colcon.colcon_core.package_identification:_identify(src/line_follower_world/models/track2/meshes) by extension 'python_setup_py'
[0.296s] Level 1:colcon.colcon_core.package_identification:_identify(src/line_follower_world/worlds) by extensions ['ignore', 'ignore_ament_install']
[0.296s] Level 1:colcon.colcon_core.package_identification:_identify(src/line_follower_world/worlds) by extension 'ignore'
[0.296s] Level 1:colcon.colcon_core.package_identification:_identify(src/line_follower_world/worlds) by extension 'ignore_ament_install'
[0.296s] Level 1:colcon.colcon_core.package_identification:_identify(src/line_follower_world/worlds) by extensions ['colcon_pkg']
[0.296s] Level 1:colcon.colcon_core.package_identification:_identify(src/line_follower_world/worlds) by extension 'colcon_pkg'
[0.296s] Level 1:colcon.colcon_core.package_identification:_identify(src/line_follower_world/worlds) by extensions ['colcon_meta']
[0.296s] Level 1:colcon.colcon_core.package_identification:_identify(src/line_follower_world/worlds) by extension 'colcon_meta'
[0.296s] Level 1:colcon.colcon_core.package_identification:_identify(src/line_follower_world/worlds) by extensions ['ros']
[0.296s] Level 1:colcon.colcon_core.package_identification:_identify(src/line_follower_world/worlds) by extension 'ros'
[0.296s] Level 1:colcon.colcon_core.package_identification:_identify(src/line_follower_world/worlds) by extensions ['cmake', 'python']
[0.296s] Level 1:colcon.colcon_core.package_identification:_identify(src/line_follower_world/worlds) by extension 'cmake'
[0.296s] Level 1:colcon.colcon_core.package_identification:_identify(src/line_follower_world/worlds) by extension 'python'
[0.297s] Level 1:colcon.colcon_core.package_identification:_identify(src/line_follower_world/worlds) by extensions ['python_setup_py']
[0.297s] Level 1:colcon.colcon_core.package_identification:_identify(src/line_follower_world/worlds) by extension 'python_setup_py'
[0.297s] Level 1:colcon.colcon_core.package_discovery:discover_packages(recursive) using defaults
[0.297s] Level 1:colcon.colcon_core.package_discovery:discover_packages(ignore) discover
[0.297s] Level 1:colcon.colcon_core.package_discovery:discover_packages(ignore) using defaults
[0.297s] Level 1:colcon.colcon_core.package_discovery:discover_packages(path) discover
[0.297s] Level 1:colcon.colcon_core.package_discovery:discover_packages(path) using defaults
[0.332s] Level 5:colcon.colcon_core.verb:set package 'line_follower_launch' build argument 'cmake_args' from command line to 'None'
[0.332s] Level 5:colcon.colcon_core.verb:set package 'line_follower_launch' build argument 'cmake_target' from command line to 'None'
[0.332s] Level 5:colcon.colcon_core.verb:set package 'line_follower_launch' build argument 'cmake_target_skip_unavailable' from command line to 'False'
[0.332s] Level 5:colcon.colcon_core.verb:set package 'line_follower_launch' build argument 'cmake_clean_cache' from command line to 'False'
[0.332s] Level 5:colcon.colcon_core.verb:set package 'line_follower_launch' build argument 'cmake_clean_first' from command line to 'False'
[0.332s] Level 5:colcon.colcon_core.verb:set package 'line_follower_launch' build argument 'cmake_force_configure' from command line to 'False'
[0.332s] Level 5:colcon.colcon_core.verb:set package 'line_follower_launch' build argument 'ament_cmake_args' from command line to 'None'
[0.333s] Level 5:colcon.colcon_core.verb:set package 'line_follower_launch' build argument 'catkin_cmake_args' from command line to 'None'
[0.333s] Level 5:colcon.colcon_core.verb:set package 'line_follower_launch' build argument 'catkin_skip_building_tests' from command line to 'False'
[0.333s] DEBUG:colcon.colcon_core.verb:Building package 'line_follower_launch' with the following arguments: {'ament_cmake_args': None, 'build_base': '/home/soham/line_follower_ws/build/line_follower_launch', 'catkin_cmake_args': None, 'catkin_skip_building_tests': False, 'cmake_args': None, 'cmake_clean_cache': False, 'cmake_clean_first': False, 'cmake_force_configure': False, 'cmake_target': None, 'cmake_target_skip_unavailable': False, 'install_base': '/home/soham/line_follower_ws/install/line_follower_launch', 'merge_install': False, 'path': '/home/soham/line_follower_ws/src/line_follower_launch', 'symlink_install': False, 'test_result_base': None}
[0.333s] INFO:colcon.colcon_core.executor:Executing jobs using 'parallel' executor
[0.334s] DEBUG:colcon.colcon_parallel_executor.executor.parallel:run_until_complete
[0.335s] INFO:colcon.colcon_ros.task.ament_python.build:Building ROS package in '/home/soham/line_follower_ws/src/line_follower_launch' with build type 'ament_python'
[0.335s] Level 1:colcon.colcon_core.shell:create_environment_hook('line_follower_launch', 'ament_prefix_path')
[0.340s] INFO:colcon.colcon_core.plugin_system:Skipping extension 'colcon_core.shell.bat': Not used on non-Windows systems
[0.340s] INFO:colcon.colcon_core.shell:Creating environment hook '/home/soham/line_follower_ws/install/line_follower_launch/share/line_follower_launch/hook/ament_prefix_path.ps1'
[0.342s] INFO:colcon.colcon_core.shell:Creating environment descriptor '/home/soham/line_follower_ws/install/line_follower_launch/share/line_follower_launch/hook/ament_prefix_path.dsv'
[0.342s] INFO:colcon.colcon_core.shell:Creating environment hook '/home/soham/line_follower_ws/install/line_follower_launch/share/line_follower_launch/hook/ament_prefix_path.sh'
[0.343s] INFO:colcon.colcon_core.shell:Skip shell extension 'powershell' for command environment: Not usable outside of PowerShell
[0.343s] DEBUG:colcon.colcon_core.shell:Skip shell extension 'dsv' for command environment
[0.624s] INFO:colcon.colcon_core.task.python.build:Building Python package in '/home/soham/line_follower_ws/src/line_follower_launch'
[0.625s] INFO:colcon.colcon_core.shell:Skip shell extension 'powershell' for command environment: Not usable outside of PowerShell
[0.625s] DEBUG:colcon.colcon_core.shell:Skip shell extension 'dsv' for command environment
[1.448s] DEBUG:colcon.colcon_core.event_handler.log_command:Invoking command in '/home/soham/line_follower_ws/src/line_follower_launch': PYTHONPATH=/home/soham/line_follower_ws/build/line_follower_launch/prefix_override:/usr/lib/python3/dist-packages/colcon_core/task/python/colcon_distutils_commands:/home/soham/line_follower_ws/install/line_follower_launch/lib/python3.10/site-packages:${PYTHONPATH} /usr/bin/python3 -W ignore:setup.py install is deprecated -W ignore:easy_install command is deprecated setup.py egg_info --egg-base ../../build/line_follower_launch build --build-base /home/soham/line_follower_ws/build/line_follower_launch/build install --record /home/soham/line_follower_ws/build/line_follower_launch/install.log --single-version-externally-managed install_data
[2.098s] DEBUG:colcon.colcon_core.event_handler.log_command:Invoked command in '/home/soham/line_follower_ws/src/line_follower_launch' returned '0': PYTHONPATH=/home/soham/line_follower_ws/build/line_follower_launch/prefix_override:/usr/lib/python3/dist-packages/colcon_core/task/python/colcon_distutils_commands:/home/soham/line_follower_ws/install/line_follower_launch/lib/python3.10/site-packages:${PYTHONPATH} /usr/bin/python3 -W ignore:setup.py install is deprecated -W ignore:easy_install command is deprecated setup.py egg_info --egg-base ../../build/line_follower_launch build --build-base /home/soham/line_follower_ws/build/line_follower_launch/build install --record /home/soham/line_follower_ws/build/line_follower_launch/install.log --single-version-externally-managed install_data
[2.103s] Level 1:colcon.colcon_core.environment:checking '/home/soham/line_follower_ws/install/line_follower_launch' for CMake module files
[2.104s] Level 1:colcon.colcon_core.environment:checking '/home/soham/line_follower_ws/install/line_follower_launch' for CMake config files
[2.105s] Level 1:colcon.colcon_core.environment:checking '/home/soham/line_follower_ws/install/line_follower_launch/lib'
[2.105s] Level 1:colcon.colcon_core.environment:checking '/home/soham/line_follower_ws/install/line_follower_launch/bin'
[2.105s] Level 1:colcon.colcon_core.environment:checking '/home/soham/line_follower_ws/install/line_follower_launch/lib/pkgconfig/line_follower_launch.pc'
[2.106s] Level 1:colcon.colcon_core.environment:checking '/home/soham/line_follower_ws/install/line_follower_launch/lib/python3.10/site-packages'
[2.106s] Level 1:colcon.colcon_core.shell:create_environment_hook('line_follower_launch', 'pythonpath')
[2.106s] INFO:colcon.colcon_core.shell:Creating environment hook '/home/soham/line_follower_ws/install/line_follower_launch/share/line_follower_launch/hook/pythonpath.ps1'
[2.107s] INFO:colcon.colcon_core.shell:Creating environment descriptor '/home/soham/line_follower_ws/install/line_follower_launch/share/line_follower_launch/hook/pythonpath.dsv'
[2.107s] INFO:colcon.colcon_core.shell:Creating environment hook '/home/soham/line_follower_ws/install/line_follower_launch/share/line_follower_launch/hook/pythonpath.sh'
[2.108s] Level 1:colcon.colcon_core.environment:checking '/home/soham/line_follower_ws/install/line_follower_launch/bin'
[2.108s] Level 1:colcon.colcon_core.environment:create_environment_scripts_only(line_follower_launch)
[2.109s] INFO:colcon.colcon_core.shell:Creating package script '/home/soham/line_follower_ws/install/line_follower_launch/share/line_follower_launch/package.ps1'
[2.110s] INFO:colcon.colcon_core.shell:Creating package descriptor '/home/soham/line_follower_ws/install/line_follower_launch/share/line_follower_launch/package.dsv'
[2.111s] INFO:colcon.colcon_core.shell:Creating package script '/home/soham/line_follower_ws/install/line_follower_launch/share/line_follower_launch/package.sh'
[2.112s] INFO:colcon.colcon_core.shell:Creating package script '/home/soham/line_follower_ws/install/line_follower_launch/share/line_follower_launch/package.bash'
[2.113s] INFO:colcon.colcon_core.shell:Creating package script '/home/soham/line_follower_ws/install/line_follower_launch/share/line_follower_launch/package.zsh'
[2.114s] Level 1:colcon.colcon_core.environment:create_file_with_runtime_dependencies(/home/soham/line_follower_ws/install/line_follower_launch/share/colcon-core/packages/line_follower_launch)
[2.114s] DEBUG:colcon.colcon_parallel_executor.executor.parallel:closing loop
[2.114s] DEBUG:colcon.colcon_parallel_executor.executor.parallel:loop closed
[2.114s] DEBUG:colcon.colcon_parallel_executor.executor.parallel:run_until_complete finished with '0'
[2.114s] DEBUG:colcon.colcon_core.event_reactor:joining thread
[2.122s] INFO:colcon.colcon_core.plugin_system:Skipping extension 'colcon_notification.desktop_notification.terminal_notifier': Not used on non-Darwin systems
[2.122s] INFO:colcon.colcon_core.plugin_system:Skipping extension 'colcon_notification.desktop_notification.win32': Not used on non-Windows systems
[2.122s] INFO:colcon.colcon_notification.desktop_notification:Sending desktop notification using 'notify2'
[2.145s] DEBUG:colcon.colcon_core.event_reactor:joined thread
[2.145s] INFO:colcon.colcon_core.shell:Creating prefix script '/home/soham/line_follower_ws/install/local_setup.ps1'
[2.147s] INFO:colcon.colcon_core.shell:Creating prefix util module '/home/soham/line_follower_ws/install/_local_setup_util_ps1.py'
[2.148s] INFO:colcon.colcon_core.shell:Creating prefix chain script '/home/soham/line_follower_ws/install/setup.ps1'
[2.151s] INFO:colcon.colcon_core.shell:Creating prefix script '/home/soham/line_follower_ws/install/local_setup.sh'
[2.152s] INFO:colcon.colcon_core.shell:Creating prefix util module '/home/soham/line_follower_ws/install/_local_setup_util_sh.py'
[2.152s] INFO:colcon.colcon_core.shell:Creating prefix chain script '/home/soham/line_follower_ws/install/setup.sh'
[2.154s] INFO:colcon.colcon_core.shell:Creating prefix script '/home/soham/line_follower_ws/install/local_setup.bash'
[2.155s] INFO:colcon.colcon_core.shell:Creating prefix chain script '/home/soham/line_follower_ws/install/setup.bash'
[2.157s] INFO:colcon.colcon_core.shell:Creating prefix script '/home/soham/line_follower_ws/install/local_setup.zsh'
[2.158s] INFO:colcon.colcon_core.shell:Creating prefix chain script '/home/soham/line_follower_ws/install/setup.zsh'
