[0.894s] Invoking command in '/home/soham/line_follower_ws/src/line_follower_pid': PS1=(rl_env) \[\e]0;\u@\h: \w\a\]${debian_chroot:+($debian_chroot)}\[\033[01;32m\]\u@\h\[\033[00m\]:\[\033[01;34m\]\w\[\033[00m\]\$ PYTHONPATH=/home/soham/line_follower_ws/build/line_follower_pid/prefix_override:/usr/lib/python3/dist-packages/colcon_core/task/python/colcon_distutils_commands:/home/soham/line_follower_ws/install/line_follower_pid/lib/python3.10/site-packages:${PYTHONPATH} VIRTUAL_ENV_PROMPT=(rl_env) /usr/bin/python3 -W ignore:setup.py install is deprecated -W ignore:easy_install command is deprecated setup.py egg_info --egg-base ../../build/line_follower_pid build --build-base /home/soham/line_follower_ws/build/line_follower_pid/build install --record /home/soham/line_follower_ws/build/line_follower_pid/install.log --single-version-externally-managed install_data
[1.087s] running egg_info
[1.099s] writing ../../build/line_follower_pid/line_follower_pid.egg-info/PKG-INFO
[1.099s] writing dependency_links to ../../build/line_follower_pid/line_follower_pid.egg-info/dependency_links.txt
[1.099s] writing entry points to ../../build/line_follower_pid/line_follower_pid.egg-info/entry_points.txt
[1.100s] writing requirements to ../../build/line_follower_pid/line_follower_pid.egg-info/requires.txt
[1.100s] writing top-level names to ../../build/line_follower_pid/line_follower_pid.egg-info/top_level.txt
[1.125s] reading manifest file '../../build/line_follower_pid/line_follower_pid.egg-info/SOURCES.txt'
[1.126s] writing manifest file '../../build/line_follower_pid/line_follower_pid.egg-info/SOURCES.txt'
[1.126s] running build
[1.126s] running build_py
[1.127s] copying line_follower_pid/__init__.py -> /home/soham/line_follower_ws/build/line_follower_pid/build/lib/line_follower_pid
[1.127s] copying line_follower_pid/line_follower_pid.py -> /home/soham/line_follower_ws/build/line_follower_pid/build/lib/line_follower_pid
[1.127s] running install
[1.131s] running install_lib
[1.144s] running install_data
[1.144s] copying launch/line_follower_pid_launch.py -> /home/soham/line_follower_ws/install/line_follower_pid/share/line_follower_pid/launch
[1.145s] running install_egg_info
[1.158s] removing '/home/soham/line_follower_ws/install/line_follower_pid/lib/python3.10/site-packages/line_follower_pid-0.0.1-py3.10.egg-info' (and everything under it)
[1.158s] Copying ../../build/line_follower_pid/line_follower_pid.egg-info to /home/soham/line_follower_ws/install/line_follower_pid/lib/python3.10/site-packages/line_follower_pid-0.0.1-py3.10.egg-info
[1.159s] running install_scripts
[1.258s] Installing line_follower script to /home/soham/line_follower_ws/install/line_follower_pid/lib/line_follower_pid
[1.259s] writing list of installed files to '/home/soham/line_follower_ws/build/line_follower_pid/install.log'
[1.291s] Invoked command in '/home/soham/line_follower_ws/src/line_follower_pid' returned '0': PS1=(rl_env) \[\e]0;\u@\h: \w\a\]${debian_chroot:+($debian_chroot)}\[\033[01;32m\]\u@\h\[\033[00m\]:\[\033[01;34m\]\w\[\033[00m\]\$ PYTHONPATH=/home/soham/line_follower_ws/build/line_follower_pid/prefix_override:/usr/lib/python3/dist-packages/colcon_core/task/python/colcon_distutils_commands:/home/soham/line_follower_ws/install/line_follower_pid/lib/python3.10/site-packages:${PYTHONPATH} VIRTUAL_ENV_PROMPT=(rl_env) /usr/bin/python3 -W ignore:setup.py install is deprecated -W ignore:easy_install command is deprecated setup.py egg_info --egg-base ../../build/line_follower_pid build --build-base /home/soham/line_follower_ws/build/line_follower_pid/build install --record /home/soham/line_follower_ws/build/line_follower_pid/install.log --single-version-externally-managed install_data
