[0.494s] Invoking command in '/home/soham/line_follower_ws/src/line_follower_launch': PS1=(rl_env) \[\e]0;\u@\h: \w\a\]${debian_chroot:+($debian_chroot)}\[\033[01;32m\]\u@\h\[\033[00m\]:\[\033[01;34m\]\w\[\033[00m\]\$ PYTHONPATH=/home/soham/line_follower_ws/build/line_follower_launch/prefix_override:/usr/lib/python3/dist-packages/colcon_core/task/python/colcon_distutils_commands:/home/soham/line_follower_ws/install/line_follower_launch/lib/python3.10/site-packages:${PYTHONPATH} VIRTUAL_ENV_PROMPT=(rl_env) /usr/bin/python3 -W ignore:setup.py install is deprecated -W ignore:easy_install command is deprecated setup.py egg_info --egg-base ../../build/line_follower_launch build --build-base /home/soham/line_follower_ws/build/line_follower_launch/build install --record /home/soham/line_follower_ws/build/line_follower_launch/install.log --single-version-externally-managed install_data
[0.655s] running egg_info
[0.665s] creating ../../build/line_follower_launch/line_follower_launch.egg-info
[0.665s] writing ../../build/line_follower_launch/line_follower_launch.egg-info/PKG-INFO
[0.666s] writing dependency_links to ../../build/line_follower_launch/line_follower_launch.egg-info/dependency_links.txt
[0.666s] writing requirements to ../../build/line_follower_launch/line_follower_launch.egg-info/requires.txt
[0.666s] writing top-level names to ../../build/line_follower_launch/line_follower_launch.egg-info/top_level.txt
[0.666s] writing manifest file '../../build/line_follower_launch/line_follower_launch.egg-info/SOURCES.txt'
[0.688s] reading manifest file '../../build/line_follower_launch/line_follower_launch.egg-info/SOURCES.txt'
[0.688s] writing manifest file '../../build/line_follower_launch/line_follower_launch.egg-info/SOURCES.txt'
[0.688s] running build
[0.688s] running build_py
[0.688s] creating /home/soham/line_follower_ws/build/line_follower_launch/build/lib/line_follower_launch
[0.688s] copying line_follower_launch/__init__.py -> /home/soham/line_follower_ws/build/line_follower_launch/build/lib/line_follower_launch
[0.688s] running install
[0.692s] running install_lib
[0.702s] creating /home/soham/line_follower_ws/install/line_follower_launch/lib/python3.10/site-packages/line_follower_launch
[0.703s] copying /home/soham/line_follower_ws/build/line_follower_launch/build/lib/line_follower_launch/__init__.py -> /home/soham/line_follower_ws/install/line_follower_launch/lib/python3.10/site-packages/line_follower_launch
[0.703s] byte-compiling /home/soham/line_follower_ws/install/line_follower_launch/lib/python3.10/site-packages/line_follower_launch/__init__.py to __init__.cpython-310.pyc
[0.703s] running install_data
[0.703s] creating /home/soham/line_follower_ws/install/line_follower_launch/share/ament_index/resource_index/packages
[0.703s] copying resource/line_follower_launch -> /home/soham/line_follower_ws/install/line_follower_launch/share/ament_index/resource_index/packages
[0.703s] copying package.xml -> /home/soham/line_follower_ws/install/line_follower_launch/share/line_follower_launch
[0.703s] creating /home/soham/line_follower_ws/install/line_follower_launch/share/line_follower_launch/launch
[0.703s] copying launch/spawn_robot_in_gazebo.launch.py -> /home/soham/line_follower_ws/install/line_follower_launch/share/line_follower_launch/launch
[0.703s] running install_egg_info
[0.715s] Copying ../../build/line_follower_launch/line_follower_launch.egg-info to /home/soham/line_follower_ws/install/line_follower_launch/lib/python3.10/site-packages/line_follower_launch-0.0.1-py3.10.egg-info
[0.715s] running install_scripts
[0.800s] writing list of installed files to '/home/soham/line_follower_ws/build/line_follower_launch/install.log'
[0.817s] Invoked command in '/home/soham/line_follower_ws/src/line_follower_launch' returned '0': PS1=(rl_env) \[\e]0;\u@\h: \w\a\]${debian_chroot:+($debian_chroot)}\[\033[01;32m\]\u@\h\[\033[00m\]:\[\033[01;34m\]\w\[\033[00m\]\$ PYTHONPATH=/home/soham/line_follower_ws/build/line_follower_launch/prefix_override:/usr/lib/python3/dist-packages/colcon_core/task/python/colcon_distutils_commands:/home/soham/line_follower_ws/install/line_follower_launch/lib/python3.10/site-packages:${PYTHONPATH} VIRTUAL_ENV_PROMPT=(rl_env) /usr/bin/python3 -W ignore:setup.py install is deprecated -W ignore:easy_install command is deprecated setup.py egg_info --egg-base ../../build/line_follower_launch build --build-base /home/soham/line_follower_ws/build/line_follower_launch/build install --record /home/soham/line_follower_ws/build/line_follower_launch/install.log --single-version-externally-managed install_data
