[0.065s] DEBUG:colcon:Command line arguments: ['/usr/bin/colcon', 'build', '--symlink-install']
[0.065s] DEBUG:colcon:Parsed command line arguments: Namespace(log_base=None, log_level=None, verb_name='build', build_base='build', install_base='install', merge_install=False, symlink_install=True, test_result_base=None, continue_on_error=False, executor='parallel', parallel_workers=12, event_handlers=None, ignore_user_meta=False, metas=['./colcon.meta'], base_paths=['.'], packages_ignore=None, packages_ignore_regex=None, paths=None, packages_up_to=None, packages_up_to_regex=None, packages_above=None, packages_above_and_dependencies=None, packages_above_depth=None, packages_select_by_dep=None, packages_skip_by_dep=None, packages_skip_up_to=None, packages_select_build_failed=False, packages_skip_build_finished=False, packages_select_test_failures=False, packages_skip_test_passed=False, packages_select=None, packages_skip=None, packages_select_regex=None, packages_skip_regex=None, packages_start=None, packages_end=None, cmake_args=None, cmake_target=None, cmake_target_skip_unavailable=False, cmake_clean_cache=False, cmake_clean_first=False, cmake_force_configure=False, ament_cmake_args=None, catkin_cmake_args=None, catkin_skip_building_tests=False, verb_parser=<colcon_defaults.argument_parser.defaults.DefaultArgumentsDecorator object at 0x792e44f05d50>, verb_extension=<colcon_core.verb.build.BuildVerb object at 0x792e4505b7f0>, main=<bound method BuildVerb.main of <colcon_core.verb.build.BuildVerb object at 0x792e4505b7f0>>)
[0.089s] Level 1:colcon.colcon_core.package_discovery:discover_packages(colcon_meta) check parameters
[0.089s] Level 1:colcon.colcon_core.package_discovery:discover_packages(recursive) check parameters
[0.089s] Level 1:colcon.colcon_core.package_discovery:discover_packages(ignore) check parameters
[0.089s] Level 1:colcon.colcon_core.package_discovery:discover_packages(path) check parameters
[0.089s] Level 1:colcon.colcon_core.package_discovery:discover_packages(colcon_meta) discover
[0.089s] Level 1:colcon.colcon_core.package_discovery:discover_packages(recursive) discover
[0.089s] INFO:colcon.colcon_core.package_discovery:Crawling recursively for packages in '/home/soham/line_follower_ws'
[0.089s] Level 1:colcon.colcon_core.package_identification:_identify(.) by extensions ['ignore', 'ignore_ament_install']
[0.090s] Level 1:colcon.colcon_core.package_identification:_identify(.) by extension 'ignore'
[0.090s] Level 1:colcon.colcon_core.package_identification:_identify(.) by extension 'ignore_ament_install'
[0.090s] Level 1:colcon.colcon_core.package_identification:_identify(.) by extensions ['colcon_pkg']
[0.090s] Level 1:colcon.colcon_core.package_identification:_identify(.) by extension 'colcon_pkg'
[0.090s] Level 1:colcon.colcon_core.package_identification:_identify(.) by extensions ['colcon_meta']
[0.090s] Level 1:colcon.colcon_core.package_identification:_identify(.) by extension 'colcon_meta'
[0.090s] Level 1:colcon.colcon_core.package_identification:_identify(.) by extensions ['ros']
[0.090s] Level 1:colcon.colcon_core.package_identification:_identify(.) by extension 'ros'
[0.099s] Level 1:colcon.colcon_core.package_identification:_identify(.) by extensions ['cmake', 'python']
[0.099s] Level 1:colcon.colcon_core.package_identification:_identify(.) by extension 'cmake'
[0.099s] Level 1:colcon.colcon_core.package_identification:_identify(.) by extension 'python'
[0.099s] Level 1:colcon.colcon_core.package_identification:_identify(.) by extensions ['python_setup_py']
[0.099s] Level 1:colcon.colcon_core.package_identification:_identify(.) by extension 'python_setup_py'
[0.099s] Level 1:colcon.colcon_core.package_identification:_identify(build) by extensions ['ignore', 'ignore_ament_install']
[0.100s] Level 1:colcon.colcon_core.package_identification:_identify(build) by extension 'ignore'
[0.100s] Level 1:colcon.colcon_core.package_identification:_identify(build) ignored
[0.100s] Level 1:colcon.colcon_core.package_identification:_identify(install) by extensions ['ignore', 'ignore_ament_install']
[0.100s] Level 1:colcon.colcon_core.package_identification:_identify(install) by extension 'ignore'
[0.100s] Level 1:colcon.colcon_core.package_identification:_identify(install) ignored
[0.100s] Level 1:colcon.colcon_core.package_identification:_identify(log) by extensions ['ignore', 'ignore_ament_install']
[0.100s] Level 1:colcon.colcon_core.package_identification:_identify(log) by extension 'ignore'
[0.100s] Level 1:colcon.colcon_core.package_identification:_identify(log) ignored
[0.100s] Level 1:colcon.colcon_core.package_identification:_identify(src) by extensions ['ignore', 'ignore_ament_install']
[0.100s] Level 1:colcon.colcon_core.package_identification:_identify(src) by extension 'ignore'
[0.100s] Level 1:colcon.colcon_core.package_identification:_identify(src) by extension 'ignore_ament_install'
[0.100s] Level 1:colcon.colcon_core.package_identification:_identify(src) by extensions ['colcon_pkg']
[0.100s] Level 1:colcon.colcon_core.package_identification:_identify(src) by extension 'colcon_pkg'
[0.100s] Level 1:colcon.colcon_core.package_identification:_identify(src) by extensions ['colcon_meta']
[0.100s] Level 1:colcon.colcon_core.package_identification:_identify(src) by extension 'colcon_meta'
[0.100s] Level 1:colcon.colcon_core.package_identification:_identify(src) by extensions ['ros']
[0.100s] Level 1:colcon.colcon_core.package_identification:_identify(src) by extension 'ros'
[0.100s] Level 1:colcon.colcon_core.package_identification:_identify(src) by extensions ['cmake', 'python']
[0.100s] Level 1:colcon.colcon_core.package_identification:_identify(src) by extension 'cmake'
[0.100s] Level 1:colcon.colcon_core.package_identification:_identify(src) by extension 'python'
[0.100s] Level 1:colcon.colcon_core.package_identification:_identify(src) by extensions ['python_setup_py']
[0.100s] Level 1:colcon.colcon_core.package_identification:_identify(src) by extension 'python_setup_py'
[0.100s] Level 1:colcon.colcon_core.package_identification:_identify(src/line_follower_launch) by extensions ['ignore', 'ignore_ament_install']
[0.100s] Level 1:colcon.colcon_core.package_identification:_identify(src/line_follower_launch) by extension 'ignore'
[0.100s] Level 1:colcon.colcon_core.package_identification:_identify(src/line_follower_launch) by extension 'ignore_ament_install'
[0.100s] Level 1:colcon.colcon_core.package_identification:_identify(src/line_follower_launch) by extensions ['colcon_pkg']
[0.100s] Level 1:colcon.colcon_core.package_identification:_identify(src/line_follower_launch) by extension 'colcon_pkg'
[0.100s] Level 1:colcon.colcon_core.package_identification:_identify(src/line_follower_launch) by extensions ['colcon_meta']
[0.100s] Level 1:colcon.colcon_core.package_identification:_identify(src/line_follower_launch) by extension 'colcon_meta'
[0.100s] Level 1:colcon.colcon_core.package_identification:_identify(src/line_follower_launch) by extensions ['ros']
[0.100s] Level 1:colcon.colcon_core.package_identification:_identify(src/line_follower_launch) by extension 'ros'
[0.102s] DEBUG:colcon.colcon_core.package_identification:Package 'src/line_follower_launch' with type 'ros.ament_python' and name 'line_follower_launch'
[0.102s] Level 1:colcon.colcon_core.package_identification:_identify(src/line_follower_world) by extensions ['ignore', 'ignore_ament_install']
[0.102s] Level 1:colcon.colcon_core.package_identification:_identify(src/line_follower_world) by extension 'ignore'
[0.102s] Level 1:colcon.colcon_core.package_identification:_identify(src/line_follower_world) by extension 'ignore_ament_install'
[0.102s] Level 1:colcon.colcon_core.package_identification:_identify(src/line_follower_world) by extensions ['colcon_pkg']
[0.102s] Level 1:colcon.colcon_core.package_identification:_identify(src/line_follower_world) by extension 'colcon_pkg'
[0.102s] Level 1:colcon.colcon_core.package_identification:_identify(src/line_follower_world) by extensions ['colcon_meta']
[0.102s] Level 1:colcon.colcon_core.package_identification:_identify(src/line_follower_world) by extension 'colcon_meta'
[0.102s] Level 1:colcon.colcon_core.package_identification:_identify(src/line_follower_world) by extensions ['ros']
[0.102s] Level 1:colcon.colcon_core.package_identification:_identify(src/line_follower_world) by extension 'ros'
[0.102s] Level 1:colcon.colcon_core.package_identification:_identify(src/line_follower_world) by extensions ['cmake', 'python']
[0.102s] Level 1:colcon.colcon_core.package_identification:_identify(src/line_follower_world) by extension 'cmake'
[0.102s] Level 1:colcon.colcon_core.package_identification:_identify(src/line_follower_world) by extension 'python'
[0.102s] Level 1:colcon.colcon_core.package_identification:_identify(src/line_follower_world) by extensions ['python_setup_py']
[0.102s] Level 1:colcon.colcon_core.package_identification:_identify(src/line_follower_world) by extension 'python_setup_py'
[0.102s] Level 1:colcon.colcon_core.package_identification:_identify(src/line_follower_world/models) by extensions ['ignore', 'ignore_ament_install']
[0.103s] Level 1:colcon.colcon_core.package_identification:_identify(src/line_follower_world/models) by extension 'ignore'
[0.103s] Level 1:colcon.colcon_core.package_identification:_identify(src/line_follower_world/models) by extension 'ignore_ament_install'
[0.103s] Level 1:colcon.colcon_core.package_identification:_identify(src/line_follower_world/models) by extensions ['colcon_pkg']
[0.103s] Level 1:colcon.colcon_core.package_identification:_identify(src/line_follower_world/models) by extension 'colcon_pkg'
[0.103s] Level 1:colcon.colcon_core.package_identification:_identify(src/line_follower_world/models) by extensions ['colcon_meta']
[0.103s] Level 1:colcon.colcon_core.package_identification:_identify(src/line_follower_world/models) by extension 'colcon_meta'
[0.103s] Level 1:colcon.colcon_core.package_identification:_identify(src/line_follower_world/models) by extensions ['ros']
[0.103s] Level 1:colcon.colcon_core.package_identification:_identify(src/line_follower_world/models) by extension 'ros'
[0.103s] Level 1:colcon.colcon_core.package_identification:_identify(src/line_follower_world/models) by extensions ['cmake', 'python']
[0.103s] Level 1:colcon.colcon_core.package_identification:_identify(src/line_follower_world/models) by extension 'cmake'
[0.103s] Level 1:colcon.colcon_core.package_identification:_identify(src/line_follower_world/models) by extension 'python'
[0.103s] Level 1:colcon.colcon_core.package_identification:_identify(src/line_follower_world/models) by extensions ['python_setup_py']
[0.103s] Level 1:colcon.colcon_core.package_identification:_identify(src/line_follower_world/models) by extension 'python_setup_py'
[0.103s] Level 1:colcon.colcon_core.package_identification:_identify(src/line_follower_world/worlds) by extensions ['ignore', 'ignore_ament_install']
[0.103s] Level 1:colcon.colcon_core.package_identification:_identify(src/line_follower_world/worlds) by extension 'ignore'
[0.103s] Level 1:colcon.colcon_core.package_identification:_identify(src/line_follower_world/worlds) by extension 'ignore_ament_install'
[0.103s] Level 1:colcon.colcon_core.package_identification:_identify(src/line_follower_world/worlds) by extensions ['colcon_pkg']
[0.103s] Level 1:colcon.colcon_core.package_identification:_identify(src/line_follower_world/worlds) by extension 'colcon_pkg'
[0.103s] Level 1:colcon.colcon_core.package_identification:_identify(src/line_follower_world/worlds) by extensions ['colcon_meta']
[0.103s] Level 1:colcon.colcon_core.package_identification:_identify(src/line_follower_world/worlds) by extension 'colcon_meta'
[0.103s] Level 1:colcon.colcon_core.package_identification:_identify(src/line_follower_world/worlds) by extensions ['ros']
[0.103s] Level 1:colcon.colcon_core.package_identification:_identify(src/line_follower_world/worlds) by extension 'ros'
[0.103s] Level 1:colcon.colcon_core.package_identification:_identify(src/line_follower_world/worlds) by extensions ['cmake', 'python']
[0.103s] Level 1:colcon.colcon_core.package_identification:_identify(src/line_follower_world/worlds) by extension 'cmake'
[0.103s] Level 1:colcon.colcon_core.package_identification:_identify(src/line_follower_world/worlds) by extension 'python'
[0.103s] Level 1:colcon.colcon_core.package_identification:_identify(src/line_follower_world/worlds) by extensions ['python_setup_py']
[0.103s] Level 1:colcon.colcon_core.package_identification:_identify(src/line_follower_world/worlds) by extension 'python_setup_py'
[0.103s] Level 1:colcon.colcon_core.package_discovery:discover_packages(recursive) using defaults
[0.103s] Level 1:colcon.colcon_core.package_discovery:discover_packages(ignore) discover
[0.103s] Level 1:colcon.colcon_core.package_discovery:discover_packages(ignore) using defaults
[0.103s] Level 1:colcon.colcon_core.package_discovery:discover_packages(path) discover
[0.103s] Level 1:colcon.colcon_core.package_discovery:discover_packages(path) using defaults
[0.117s] Level 5:colcon.colcon_core.verb:set package 'line_follower_launch' build argument 'cmake_args' from command line to 'None'
[0.117s] Level 5:colcon.colcon_core.verb:set package 'line_follower_launch' build argument 'cmake_target' from command line to 'None'
[0.117s] Level 5:colcon.colcon_core.verb:set package 'line_follower_launch' build argument 'cmake_target_skip_unavailable' from command line to 'False'
[0.117s] Level 5:colcon.colcon_core.verb:set package 'line_follower_launch' build argument 'cmake_clean_cache' from command line to 'False'
[0.117s] Level 5:colcon.colcon_core.verb:set package 'line_follower_launch' build argument 'cmake_clean_first' from command line to 'False'
[0.117s] Level 5:colcon.colcon_core.verb:set package 'line_follower_launch' build argument 'cmake_force_configure' from command line to 'False'
[0.117s] Level 5:colcon.colcon_core.verb:set package 'line_follower_launch' build argument 'ament_cmake_args' from command line to 'None'
[0.117s] Level 5:colcon.colcon_core.verb:set package 'line_follower_launch' build argument 'catkin_cmake_args' from command line to 'None'
[0.117s] Level 5:colcon.colcon_core.verb:set package 'line_follower_launch' build argument 'catkin_skip_building_tests' from command line to 'False'
[0.117s] DEBUG:colcon.colcon_core.verb:Building package 'line_follower_launch' with the following arguments: {'ament_cmake_args': None, 'build_base': '/home/soham/line_follower_ws/build/line_follower_launch', 'catkin_cmake_args': None, 'catkin_skip_building_tests': False, 'cmake_args': None, 'cmake_clean_cache': False, 'cmake_clean_first': False, 'cmake_force_configure': False, 'cmake_target': None, 'cmake_target_skip_unavailable': False, 'install_base': '/home/soham/line_follower_ws/install/line_follower_launch', 'merge_install': False, 'path': '/home/soham/line_follower_ws/src/line_follower_launch', 'symlink_install': True, 'test_result_base': None}
[0.117s] INFO:colcon.colcon_core.executor:Executing jobs using 'parallel' executor
[0.118s] DEBUG:colcon.colcon_parallel_executor.executor.parallel:run_until_complete
[0.118s] INFO:colcon.colcon_ros.task.ament_python.build:Building ROS package in '/home/soham/line_follower_ws/src/line_follower_launch' with build type 'ament_python'
[0.118s] Level 1:colcon.colcon_core.shell:create_environment_hook('line_follower_launch', 'ament_prefix_path')
[0.119s] INFO:colcon.colcon_core.plugin_system:Skipping extension 'colcon_core.shell.bat': Not used on non-Windows systems
[0.119s] INFO:colcon.colcon_core.shell:Creating environment hook '/home/soham/line_follower_ws/install/line_follower_launch/share/line_follower_launch/hook/ament_prefix_path.ps1'
[0.120s] INFO:colcon.colcon_core.shell:Creating environment descriptor '/home/soham/line_follower_ws/install/line_follower_launch/share/line_follower_launch/hook/ament_prefix_path.dsv'
[0.120s] INFO:colcon.colcon_core.shell:Creating environment hook '/home/soham/line_follower_ws/install/line_follower_launch/share/line_follower_launch/hook/ament_prefix_path.sh'
[0.120s] INFO:colcon.colcon_core.shell:Skip shell extension 'powershell' for command environment: Not usable outside of PowerShell
[0.120s] DEBUG:colcon.colcon_core.shell:Skip shell extension 'dsv' for command environment
[0.257s] INFO:colcon.colcon_core.task.python.build:Building Python package in '/home/soham/line_follower_ws/src/line_follower_launch'
[0.258s] INFO:colcon.colcon_core.shell:Skip shell extension 'powershell' for command environment: Not usable outside of PowerShell
[0.258s] DEBUG:colcon.colcon_core.shell:Skip shell extension 'dsv' for command environment
[0.612s] DEBUG:colcon.colcon_core.task.python.build:While undoing a previous installation files outside the Python library path are being ignored: /home/soham/line_follower_ws/install/line_follower_launch/share/ament_index/resource_index/packages/line_follower_launch
[0.612s] DEBUG:colcon.colcon_core.task.python.build:While undoing a previous installation files outside the Python library path are being ignored: /home/soham/line_follower_ws/install/line_follower_launch/share/line_follower_launch/package.xml
[0.612s] DEBUG:colcon.colcon_core.task.python.build:While undoing a previous installation files outside the Python library path are being ignored: /home/soham/line_follower_ws/install/line_follower_launch/share/line_follower_launch/launch/spawn_robot_in_gazebo.launch.py
[0.614s] DEBUG:colcon.colcon_core.event_handler.log_command:Invoking command in '/home/soham/line_follower_ws/build/line_follower_launch': PS1=(rl_env) \[\e]0;\u@\h: \w\a\]${debian_chroot:+($debian_chroot)}\[\033[01;32m\]\u@\h\[\033[00m\]:\[\033[01;34m\]\w\[\033[00m\]\$ PYTHONPATH=/home/soham/line_follower_ws/build/line_follower_launch/prefix_override:/usr/lib/python3/dist-packages/colcon_core/task/python/colcon_distutils_commands:/home/soham/line_follower_ws/install/line_follower_launch/lib/python3.10/site-packages:${PYTHONPATH} VIRTUAL_ENV_PROMPT=(rl_env) /usr/bin/python3 -W ignore:setup.py install is deprecated -W ignore:easy_install command is deprecated setup.py develop --editable --build-directory /home/soham/line_follower_ws/build/line_follower_launch/build --no-deps symlink_data --force
[1.043s] Level 1:colcon.colcon_core.shell:create_environment_hook('line_follower_launch', 'pythonpath_develop')
[1.043s] INFO:colcon.colcon_core.shell:Creating environment hook '/home/soham/line_follower_ws/build/line_follower_launch/share/line_follower_launch/hook/pythonpath_develop.ps1'
[1.044s] DEBUG:colcon.colcon_core.event_handler.log_command:Invoked command in '/home/soham/line_follower_ws/build/line_follower_launch' returned '0': PS1=(rl_env) \[\e]0;\u@\h: \w\a\]${debian_chroot:+($debian_chroot)}\[\033[01;32m\]\u@\h\[\033[00m\]:\[\033[01;34m\]\w\[\033[00m\]\$ PYTHONPATH=/home/soham/line_follower_ws/build/line_follower_launch/prefix_override:/usr/lib/python3/dist-packages/colcon_core/task/python/colcon_distutils_commands:/home/soham/line_follower_ws/install/line_follower_launch/lib/python3.10/site-packages:${PYTHONPATH} VIRTUAL_ENV_PROMPT=(rl_env) /usr/bin/python3 -W ignore:setup.py install is deprecated -W ignore:easy_install command is deprecated setup.py develop --editable --build-directory /home/soham/line_follower_ws/build/line_follower_launch/build --no-deps symlink_data --force
[1.044s] INFO:colcon.colcon_core.shell:Creating environment descriptor '/home/soham/line_follower_ws/build/line_follower_launch/share/line_follower_launch/hook/pythonpath_develop.dsv'
[1.044s] INFO:colcon.colcon_core.shell:Creating environment hook '/home/soham/line_follower_ws/build/line_follower_launch/share/line_follower_launch/hook/pythonpath_develop.sh'
[1.046s] Level 1:colcon.colcon_core.environment:checking '/home/soham/line_follower_ws/install/line_follower_launch' for CMake module files
[1.046s] Level 1:colcon.colcon_core.environment:checking '/home/soham/line_follower_ws/install/line_follower_launch' for CMake config files
[1.047s] Level 1:colcon.colcon_core.environment:checking '/home/soham/line_follower_ws/install/line_follower_launch/lib'
[1.047s] Level 1:colcon.colcon_core.environment:checking '/home/soham/line_follower_ws/install/line_follower_launch/bin'
[1.047s] Level 1:colcon.colcon_core.environment:checking '/home/soham/line_follower_ws/install/line_follower_launch/lib/pkgconfig/line_follower_launch.pc'
[1.047s] Level 1:colcon.colcon_core.environment:checking '/home/soham/line_follower_ws/install/line_follower_launch/lib/python3.10/site-packages'
[1.047s] Level 1:colcon.colcon_core.shell:create_environment_hook('line_follower_launch', 'pythonpath')
[1.047s] INFO:colcon.colcon_core.shell:Creating environment hook '/home/soham/line_follower_ws/install/line_follower_launch/share/line_follower_launch/hook/pythonpath.ps1'
[1.047s] INFO:colcon.colcon_core.shell:Creating environment descriptor '/home/soham/line_follower_ws/install/line_follower_launch/share/line_follower_launch/hook/pythonpath.dsv'
[1.048s] INFO:colcon.colcon_core.shell:Creating environment hook '/home/soham/line_follower_ws/install/line_follower_launch/share/line_follower_launch/hook/pythonpath.sh'
[1.048s] Level 1:colcon.colcon_core.environment:checking '/home/soham/line_follower_ws/install/line_follower_launch/bin'
[1.048s] Level 1:colcon.colcon_core.environment:create_environment_scripts_only(line_follower_launch)
[1.048s] INFO:colcon.colcon_core.shell:Creating package script '/home/soham/line_follower_ws/install/line_follower_launch/share/line_follower_launch/package.ps1'
[1.049s] INFO:colcon.colcon_core.shell:Creating package descriptor '/home/soham/line_follower_ws/install/line_follower_launch/share/line_follower_launch/package.dsv'
[1.049s] INFO:colcon.colcon_core.shell:Creating package script '/home/soham/line_follower_ws/install/line_follower_launch/share/line_follower_launch/package.sh'
[1.049s] INFO:colcon.colcon_core.shell:Creating package script '/home/soham/line_follower_ws/install/line_follower_launch/share/line_follower_launch/package.bash'
[1.050s] INFO:colcon.colcon_core.shell:Creating package script '/home/soham/line_follower_ws/install/line_follower_launch/share/line_follower_launch/package.zsh'
[1.050s] Level 1:colcon.colcon_core.environment:create_file_with_runtime_dependencies(/home/soham/line_follower_ws/install/line_follower_launch/share/colcon-core/packages/line_follower_launch)
[1.051s] DEBUG:colcon.colcon_parallel_executor.executor.parallel:closing loop
[1.051s] DEBUG:colcon.colcon_parallel_executor.executor.parallel:loop closed
[1.051s] DEBUG:colcon.colcon_parallel_executor.executor.parallel:run_until_complete finished with '0'
[1.051s] DEBUG:colcon.colcon_core.event_reactor:joining thread
[1.054s] INFO:colcon.colcon_core.plugin_system:Skipping extension 'colcon_notification.desktop_notification.terminal_notifier': Not used on non-Darwin systems
[1.054s] INFO:colcon.colcon_core.plugin_system:Skipping extension 'colcon_notification.desktop_notification.win32': Not used on non-Windows systems
[1.054s] INFO:colcon.colcon_notification.desktop_notification:Sending desktop notification using 'notify2'
[1.062s] DEBUG:colcon.colcon_core.event_reactor:joined thread
[1.062s] INFO:colcon.colcon_core.shell:Creating prefix script '/home/soham/line_follower_ws/install/local_setup.ps1'
[1.063s] INFO:colcon.colcon_core.shell:Creating prefix util module '/home/soham/line_follower_ws/install/_local_setup_util_ps1.py'
[1.063s] INFO:colcon.colcon_core.shell:Creating prefix chain script '/home/soham/line_follower_ws/install/setup.ps1'
[1.064s] INFO:colcon.colcon_core.shell:Creating prefix script '/home/soham/line_follower_ws/install/local_setup.sh'
[1.065s] INFO:colcon.colcon_core.shell:Creating prefix util module '/home/soham/line_follower_ws/install/_local_setup_util_sh.py'
[1.065s] INFO:colcon.colcon_core.shell:Creating prefix chain script '/home/soham/line_follower_ws/install/setup.sh'
[1.067s] INFO:colcon.colcon_core.shell:Creating prefix script '/home/soham/line_follower_ws/install/local_setup.bash'
[1.067s] INFO:colcon.colcon_core.shell:Creating prefix chain script '/home/soham/line_follower_ws/install/setup.bash'
[1.068s] INFO:colcon.colcon_core.shell:Creating prefix script '/home/soham/line_follower_ws/install/local_setup.zsh'
[1.069s] INFO:colcon.colcon_core.shell:Creating prefix chain script '/home/soham/line_follower_ws/install/setup.zsh'
