/home/soham/line_follower_ws/install/rl_pid_tuner/lib/python3.10/site-packages/rl_pid_tuner/rl_env.py
/home/soham/line_follower_ws/install/rl_pid_tuner/lib/python3.10/site-packages/rl_pid_tuner/__init__.py
/home/soham/line_follower_ws/install/rl_pid_tuner/lib/python3.10/site-packages/rl_pid_tuner/train_ppo.py
/home/soham/line_follower_ws/install/rl_pid_tuner/lib/python3.10/site-packages/rl_pid_tuner/test_ppo.py
/home/soham/line_follower_ws/install/rl_pid_tuner/lib/python3.10/site-packages/rl_pid_tuner/__pycache__/rl_env.cpython-310.pyc
/home/soham/line_follower_ws/install/rl_pid_tuner/lib/python3.10/site-packages/rl_pid_tuner/__pycache__/__init__.cpython-310.pyc
/home/soham/line_follower_ws/install/rl_pid_tuner/lib/python3.10/site-packages/rl_pid_tuner/__pycache__/train_ppo.cpython-310.pyc
/home/soham/line_follower_ws/install/rl_pid_tuner/lib/python3.10/site-packages/rl_pid_tuner/__pycache__/test_ppo.cpython-310.pyc
/home/soham/line_follower_ws/install/rl_pid_tuner/share/ament_index/resource_index/packages/rl_pid_tuner
/home/soham/line_follower_ws/install/rl_pid_tuner/share/rl_pid_tuner/package.xml
/home/soham/line_follower_ws/install/rl_pid_tuner/share/rl_pid_tuner/launch
/home/soham/line_follower_ws/install/rl_pid_tuner/lib/python3.10/site-packages/rl_pid_tuner-0.0.1-py3.10.egg-info/zip-safe
/home/soham/line_follower_ws/install/rl_pid_tuner/lib/python3.10/site-packages/rl_pid_tuner-0.0.1-py3.10.egg-info/PKG-INFO
/home/soham/line_follower_ws/install/rl_pid_tuner/lib/python3.10/site-packages/rl_pid_tuner-0.0.1-py3.10.egg-info/dependency_links.txt
/home/soham/line_follower_ws/install/rl_pid_tuner/lib/python3.10/site-packages/rl_pid_tuner-0.0.1-py3.10.egg-info/SOURCES.txt
/home/soham/line_follower_ws/install/rl_pid_tuner/lib/python3.10/site-packages/rl_pid_tuner-0.0.1-py3.10.egg-info/entry_points.txt
/home/soham/line_follower_ws/install/rl_pid_tuner/lib/python3.10/site-packages/rl_pid_tuner-0.0.1-py3.10.egg-info/requires.txt
/home/soham/line_follower_ws/install/rl_pid_tuner/lib/python3.10/site-packages/rl_pid_tuner-0.0.1-py3.10.egg-info/top_level.txt
/home/soham/line_follower_ws/install/rl_pid_tuner/lib/rl_pid_tuner/test_ppo
/home/soham/line_follower_ws/install/rl_pid_tuner/lib/rl_pid_tuner/train_ppo
