-- Install configuration: "Release"
-- Execute custom install script
-- Up-to-date symlink: /home/soham/line_follower_ws/install/line_follower_robot/share/line_follower_robot/launch/spawn_robot_in_gazebo.launch.py
-- Up-to-date symlink: /home/soham/line_follower_ws/install/line_follower_robot/share/line_follower_robot/urdf/my_robot/model.config
-- Up-to-date symlink: /home/soham/line_follower_ws/install/line_follower_robot/share/line_follower_robot/urdf/my_robot/robot.sdf
-- Up-to-date symlink: /home/soham/line_follower_ws/install/line_follower_robot/share/line_follower_robot/urdf/my_robot/robot.urdf
-- Up-to-date symlink: /home/soham/line_follower_ws/install/line_follower_robot/share/line_follower_robot/urdf/my_robot/robot.urdf.xacro
-- Up-to-date symlink: /home/soham/line_follower_ws/install/line_follower_robot/share/line_follower_robot/urdf/robot.sdf
-- Up-to-date symlink: /home/soham/line_follower_ws/install/line_follower_robot/share/line_follower_robot/urdf/robot.urdf
-- Up-to-date symlink: /home/soham/line_follower_ws/install/line_follower_robot/share/line_follower_robot/urdf/robot.urdf.xacro
-- Up-to-date symlink: /home/soham/line_follower_ws/install/line_follower_robot/share/line_follower_robot/urdf/tinker/meshes/obj.mtl
-- Up-to-date symlink: /home/soham/line_follower_ws/install/line_follower_robot/share/line_follower_robot/urdf/tinker/meshes/tinker.obj
-- Up-to-date symlink: /home/soham/line_follower_ws/install/line_follower_robot/share/line_follower_robot/urdf/tinker/model.config
-- Up-to-date symlink: /home/soham/line_follower_ws/install/line_follower_robot/share/line_follower_robot/urdf/tinker/model.sdf
-- Up-to-date symlink: /home/soham/line_follower_ws/install/line_follower_robot/share/line_follower_robot/worlds/line_follower.sdf
-- Up-to-date symlink: /home/soham/line_follower_ws/install/line_follower_robot/share/line_follower_robot/worlds/line_follower.world
-- Up-to-date symlink: /home/soham/line_follower_ws/install/line_follower_robot/share/ament_index/resource_index/package_run_dependencies/line_follower_robot
-- Up-to-date symlink: /home/soham/line_follower_ws/install/line_follower_robot/share/ament_index/resource_index/parent_prefix_path/line_follower_robot
-- Up-to-date symlink: /home/soham/line_follower_ws/install/line_follower_robot/share/line_follower_robot/environment/ament_prefix_path.sh
-- Up-to-date symlink: /home/soham/line_follower_ws/install/line_follower_robot/share/line_follower_robot/environment/ament_prefix_path.dsv
-- Up-to-date symlink: /home/soham/line_follower_ws/install/line_follower_robot/share/line_follower_robot/environment/path.sh
-- Up-to-date symlink: /home/soham/line_follower_ws/install/line_follower_robot/share/line_follower_robot/environment/path.dsv
-- Up-to-date symlink: /home/soham/line_follower_ws/install/line_follower_robot/share/line_follower_robot/local_setup.bash
-- Up-to-date symlink: /home/soham/line_follower_ws/install/line_follower_robot/share/line_follower_robot/local_setup.sh
-- Up-to-date symlink: /home/soham/line_follower_ws/install/line_follower_robot/share/line_follower_robot/local_setup.zsh
-- Up-to-date symlink: /home/soham/line_follower_ws/install/line_follower_robot/share/line_follower_robot/local_setup.dsv
-- Symlinking: /home/soham/line_follower_ws/install/line_follower_robot/share/line_follower_robot/package.dsv
-- Up-to-date symlink: /home/soham/line_follower_ws/install/line_follower_robot/share/ament_index/resource_index/packages/line_follower_robot
-- Up-to-date symlink: /home/soham/line_follower_ws/install/line_follower_robot/share/line_follower_robot/cmake/line_follower_robotConfig.cmake
-- Up-to-date symlink: /home/soham/line_follower_ws/install/line_follower_robot/share/line_follower_robot/cmake/line_follower_robotConfig-version.cmake
-- Up-to-date symlink: /home/soham/line_follower_ws/install/line_follower_robot/share/line_follower_robot/package.xml
