[0.009s] Invoking command in '/home/soham/line_follower_ws/build/line_follower_robot': CMAKE_PREFIX_PATH=${CMAKE_PREFIX_PATH}:/home/soham/readymade_proj/ros2-line-follower/install/follower:/home/soham/cognipilot/cranium/install/nxp_cup_vision:/home/soham/cognipilot/cranium/install/b3rb_ros_line_follower:/opt/ros/humble /usr/bin/cmake --build /home/soham/line_follower_ws/build/line_follower_robot -- -j12 -l12
[0.036s] Invoked command in '/home/soham/line_follower_ws/build/line_follower_robot' returned '0': CMAKE_PREFIX_PATH=${CMAKE_PREFIX_PATH}:/home/soham/readymade_proj/ros2-line-follower/install/follower:/home/soham/cognipilot/cranium/install/nxp_cup_vision:/home/soham/cognipilot/cranium/install/b3rb_ros_line_follower:/opt/ros/humble /usr/bin/cmake --build /home/soham/line_follower_ws/build/line_follower_robot -- -j12 -l12
[0.043s] Invoking command in '/home/soham/line_follower_ws/build/line_follower_robot': CMAKE_PREFIX_PATH=${CMAKE_PREFIX_PATH}:/home/soham/readymade_proj/ros2-line-follower/install/follower:/home/soham/cognipilot/cranium/install/nxp_cup_vision:/home/soham/cognipilot/cranium/install/b3rb_ros_line_follower:/opt/ros/humble /usr/bin/cmake --install /home/soham/line_follower_ws/build/line_follower_robot
[0.048s] -- Install configuration: ""
[0.048s] -- Up-to-date: /home/soham/line_follower_ws/install/line_follower_robot/share/ament_index/resource_index/package_run_dependencies/line_follower_robot
[0.048s] -- Up-to-date: /home/soham/line_follower_ws/install/line_follower_robot/share/ament_index/resource_index/parent_prefix_path/line_follower_robot
[0.048s] -- Up-to-date: /home/soham/line_follower_ws/install/line_follower_robot/share/line_follower_robot/environment/ament_prefix_path.sh
[0.048s] -- Up-to-date: /home/soham/line_follower_ws/install/line_follower_robot/share/line_follower_robot/environment/ament_prefix_path.dsv
[0.048s] -- Up-to-date: /home/soham/line_follower_ws/install/line_follower_robot/share/line_follower_robot/environment/path.sh
[0.048s] -- Up-to-date: /home/soham/line_follower_ws/install/line_follower_robot/share/line_follower_robot/environment/path.dsv
[0.048s] -- Up-to-date: /home/soham/line_follower_ws/install/line_follower_robot/share/line_follower_robot/local_setup.bash
[0.048s] -- Up-to-date: /home/soham/line_follower_ws/install/line_follower_robot/share/line_follower_robot/local_setup.sh
[0.048s] -- Up-to-date: /home/soham/line_follower_ws/install/line_follower_robot/share/line_follower_robot/local_setup.zsh
[0.048s] -- Up-to-date: /home/soham/line_follower_ws/install/line_follower_robot/share/line_follower_robot/local_setup.dsv
[0.048s] -- Up-to-date: /home/soham/line_follower_ws/install/line_follower_robot/share/line_follower_robot/package.dsv
[0.048s] -- Up-to-date: /home/soham/line_follower_ws/install/line_follower_robot/share/ament_index/resource_index/packages/line_follower_robot
[0.048s] -- Up-to-date: /home/soham/line_follower_ws/install/line_follower_robot/share/line_follower_robot/cmake/line_follower_robotConfig.cmake
[0.048s] -- Up-to-date: /home/soham/line_follower_ws/install/line_follower_robot/share/line_follower_robot/cmake/line_follower_robotConfig-version.cmake
[0.048s] -- Up-to-date: /home/soham/line_follower_ws/install/line_follower_robot/share/line_follower_robot/package.xml
[0.049s] Invoked command in '/home/soham/line_follower_ws/build/line_follower_robot' returned '0': CMAKE_PREFIX_PATH=${CMAKE_PREFIX_PATH}:/home/soham/readymade_proj/ros2-line-follower/install/follower:/home/soham/cognipilot/cranium/install/nxp_cup_vision:/home/soham/cognipilot/cranium/install/b3rb_ros_line_follower:/opt/ros/humble /usr/bin/cmake --install /home/soham/line_follower_ws/build/line_follower_robot
