[0.075s] DEBUG:colcon:Command line arguments: ['/usr/bin/colcon', 'build']
[0.075s] DEBUG:colcon:Parsed command line arguments: Namespace(log_base=None, log_level=None, verb_name='build', build_base='build', install_base='install', merge_install=False, symlink_install=False, test_result_base=None, continue_on_error=False, executor='parallel', parallel_workers=12, event_handlers=None, ignore_user_meta=False, metas=['./colcon.meta'], base_paths=['.'], packages_ignore=None, packages_ignore_regex=None, paths=None, packages_up_to=None, packages_up_to_regex=None, packages_above=None, packages_above_and_dependencies=None, packages_above_depth=None, packages_select_by_dep=None, packages_skip_by_dep=None, packages_skip_up_to=None, packages_select_build_failed=False, packages_skip_build_finished=False, packages_select_test_failures=False, packages_skip_test_passed=False, packages_select=None, packages_skip=None, packages_select_regex=None, packages_skip_regex=None, packages_start=None, packages_end=None, cmake_args=None, cmake_target=None, cmake_target_skip_unavailable=False, cmake_clean_cache=False, cmake_clean_first=False, cmake_force_configure=False, ament_cmake_args=None, catkin_cmake_args=None, catkin_skip_building_tests=False, verb_parser=<colcon_defaults.argument_parser.defaults.DefaultArgumentsDecorator object at 0x7f0c2ed76da0>, verb_extension=<colcon_core.verb.build.BuildVerb object at 0x7f0c2eeb4820>, main=<bound method BuildVerb.main of <colcon_core.verb.build.BuildVerb object at 0x7f0c2eeb4820>>)
[0.099s] Level 1:colcon.colcon_core.package_discovery:discover_packages(colcon_meta) check parameters
[0.100s] Level 1:colcon.colcon_core.package_discovery:discover_packages(recursive) check parameters
[0.100s] Level 1:colcon.colcon_core.package_discovery:discover_packages(ignore) check parameters
[0.100s] Level 1:colcon.colcon_core.package_discovery:discover_packages(path) check parameters
[0.100s] Level 1:colcon.colcon_core.package_discovery:discover_packages(colcon_meta) discover
[0.100s] Level 1:colcon.colcon_core.package_discovery:discover_packages(recursive) discover
[0.100s] INFO:colcon.colcon_core.package_discovery:Crawling recursively for packages in '/home/soham/line_follower_ws'
[0.100s] Level 1:colcon.colcon_core.package_identification:_identify(.) by extensions ['ignore', 'ignore_ament_install']
[0.100s] Level 1:colcon.colcon_core.package_identification:_identify(.) by extension 'ignore'
[0.100s] Level 1:colcon.colcon_core.package_identification:_identify(.) by extension 'ignore_ament_install'
[0.100s] Level 1:colcon.colcon_core.package_identification:_identify(.) by extensions ['colcon_pkg']
[0.100s] Level 1:colcon.colcon_core.package_identification:_identify(.) by extension 'colcon_pkg'
[0.100s] Level 1:colcon.colcon_core.package_identification:_identify(.) by extensions ['colcon_meta']
[0.100s] Level 1:colcon.colcon_core.package_identification:_identify(.) by extension 'colcon_meta'
[0.100s] Level 1:colcon.colcon_core.package_identification:_identify(.) by extensions ['ros']
[0.100s] Level 1:colcon.colcon_core.package_identification:_identify(.) by extension 'ros'
[0.109s] Level 1:colcon.colcon_core.package_identification:_identify(.) by extensions ['cmake', 'python']
[0.109s] Level 1:colcon.colcon_core.package_identification:_identify(.) by extension 'cmake'
[0.109s] Level 1:colcon.colcon_core.package_identification:_identify(.) by extension 'python'
[0.109s] Level 1:colcon.colcon_core.package_identification:_identify(.) by extensions ['python_setup_py']
[0.109s] Level 1:colcon.colcon_core.package_identification:_identify(.) by extension 'python_setup_py'
[0.109s] Level 1:colcon.colcon_core.package_identification:_identify(build) by extensions ['ignore', 'ignore_ament_install']
[0.109s] Level 1:colcon.colcon_core.package_identification:_identify(build) by extension 'ignore'
[0.109s] Level 1:colcon.colcon_core.package_identification:_identify(build) ignored
[0.110s] Level 1:colcon.colcon_core.package_identification:_identify(install) by extensions ['ignore', 'ignore_ament_install']
[0.110s] Level 1:colcon.colcon_core.package_identification:_identify(install) by extension 'ignore'
[0.110s] Level 1:colcon.colcon_core.package_identification:_identify(install) ignored
[0.110s] Level 1:colcon.colcon_core.package_identification:_identify(log) by extensions ['ignore', 'ignore_ament_install']
[0.110s] Level 1:colcon.colcon_core.package_identification:_identify(log) by extension 'ignore'
[0.110s] Level 1:colcon.colcon_core.package_identification:_identify(log) ignored
[0.110s] Level 1:colcon.colcon_core.package_identification:_identify(src) by extensions ['ignore', 'ignore_ament_install']
[0.110s] Level 1:colcon.colcon_core.package_identification:_identify(src) by extension 'ignore'
[0.110s] Level 1:colcon.colcon_core.package_identification:_identify(src) by extension 'ignore_ament_install'
[0.110s] Level 1:colcon.colcon_core.package_identification:_identify(src) by extensions ['colcon_pkg']
[0.110s] Level 1:colcon.colcon_core.package_identification:_identify(src) by extension 'colcon_pkg'
[0.110s] Level 1:colcon.colcon_core.package_identification:_identify(src) by extensions ['colcon_meta']
[0.110s] Level 1:colcon.colcon_core.package_identification:_identify(src) by extension 'colcon_meta'
[0.110s] Level 1:colcon.colcon_core.package_identification:_identify(src) by extensions ['ros']
[0.110s] Level 1:colcon.colcon_core.package_identification:_identify(src) by extension 'ros'
[0.110s] Level 1:colcon.colcon_core.package_identification:_identify(src) by extensions ['cmake', 'python']
[0.110s] Level 1:colcon.colcon_core.package_identification:_identify(src) by extension 'cmake'
[0.110s] Level 1:colcon.colcon_core.package_identification:_identify(src) by extension 'python'
[0.110s] Level 1:colcon.colcon_core.package_identification:_identify(src) by extensions ['python_setup_py']
[0.110s] Level 1:colcon.colcon_core.package_identification:_identify(src) by extension 'python_setup_py'
[0.110s] Level 1:colcon.colcon_core.package_identification:_identify(src/ir_sensor_subscriber) by extensions ['ignore', 'ignore_ament_install']
[0.110s] Level 1:colcon.colcon_core.package_identification:_identify(src/ir_sensor_subscriber) by extension 'ignore'
[0.110s] Level 1:colcon.colcon_core.package_identification:_identify(src/ir_sensor_subscriber) by extension 'ignore_ament_install'
[0.110s] Level 1:colcon.colcon_core.package_identification:_identify(src/ir_sensor_subscriber) by extensions ['colcon_pkg']
[0.110s] Level 1:colcon.colcon_core.package_identification:_identify(src/ir_sensor_subscriber) by extension 'colcon_pkg'
[0.110s] Level 1:colcon.colcon_core.package_identification:_identify(src/ir_sensor_subscriber) by extensions ['colcon_meta']
[0.110s] Level 1:colcon.colcon_core.package_identification:_identify(src/ir_sensor_subscriber) by extension 'colcon_meta'
[0.110s] Level 1:colcon.colcon_core.package_identification:_identify(src/ir_sensor_subscriber) by extensions ['ros']
[0.110s] Level 1:colcon.colcon_core.package_identification:_identify(src/ir_sensor_subscriber) by extension 'ros'
[0.112s] DEBUG:colcon.colcon_core.package_identification:Package 'src/ir_sensor_subscriber' with type 'ros.ament_python' and name 'ir_sensor_subscriber'
[0.112s] Level 1:colcon.colcon_core.package_identification:_identify(src/line_follower_pid) by extensions ['ignore', 'ignore_ament_install']
[0.112s] Level 1:colcon.colcon_core.package_identification:_identify(src/line_follower_pid) by extension 'ignore'
[0.112s] Level 1:colcon.colcon_core.package_identification:_identify(src/line_follower_pid) by extension 'ignore_ament_install'
[0.112s] Level 1:colcon.colcon_core.package_identification:_identify(src/line_follower_pid) by extensions ['colcon_pkg']
[0.112s] Level 1:colcon.colcon_core.package_identification:_identify(src/line_follower_pid) by extension 'colcon_pkg'
[0.112s] Level 1:colcon.colcon_core.package_identification:_identify(src/line_follower_pid) by extensions ['colcon_meta']
[0.112s] Level 1:colcon.colcon_core.package_identification:_identify(src/line_follower_pid) by extension 'colcon_meta'
[0.112s] Level 1:colcon.colcon_core.package_identification:_identify(src/line_follower_pid) by extensions ['ros']
[0.112s] Level 1:colcon.colcon_core.package_identification:_identify(src/line_follower_pid) by extension 'ros'
[0.113s] DEBUG:colcon.colcon_core.package_identification:Package 'src/line_follower_pid' with type 'ros.ament_python' and name 'line_follower_pid'
[0.113s] Level 1:colcon.colcon_core.package_identification:_identify(src/line_follower_robot) by extensions ['ignore', 'ignore_ament_install']
[0.113s] Level 1:colcon.colcon_core.package_identification:_identify(src/line_follower_robot) by extension 'ignore'
[0.113s] Level 1:colcon.colcon_core.package_identification:_identify(src/line_follower_robot) by extension 'ignore_ament_install'
[0.113s] Level 1:colcon.colcon_core.package_identification:_identify(src/line_follower_robot) by extensions ['colcon_pkg']
[0.113s] Level 1:colcon.colcon_core.package_identification:_identify(src/line_follower_robot) by extension 'colcon_pkg'
[0.113s] Level 1:colcon.colcon_core.package_identification:_identify(src/line_follower_robot) by extensions ['colcon_meta']
[0.113s] Level 1:colcon.colcon_core.package_identification:_identify(src/line_follower_robot) by extension 'colcon_meta'
[0.113s] Level 1:colcon.colcon_core.package_identification:_identify(src/line_follower_robot) by extensions ['ros']
[0.113s] Level 1:colcon.colcon_core.package_identification:_identify(src/line_follower_robot) by extension 'ros'
[0.114s] DEBUG:colcon.colcon_core.package_identification:Package 'src/line_follower_robot' with type 'ros.ament_cmake' and name 'line_follower_robot'
[0.114s] Level 1:colcon.colcon_core.package_discovery:discover_packages(recursive) using defaults
[0.114s] Level 1:colcon.colcon_core.package_discovery:discover_packages(ignore) discover
[0.114s] Level 1:colcon.colcon_core.package_discovery:discover_packages(ignore) using defaults
[0.114s] Level 1:colcon.colcon_core.package_discovery:discover_packages(path) discover
[0.114s] Level 1:colcon.colcon_core.package_discovery:discover_packages(path) using defaults
[0.128s] Level 5:colcon.colcon_core.verb:set package 'ir_sensor_subscriber' build argument 'cmake_args' from command line to 'None'
[0.128s] Level 5:colcon.colcon_core.verb:set package 'ir_sensor_subscriber' build argument 'cmake_target' from command line to 'None'
[0.128s] Level 5:colcon.colcon_core.verb:set package 'ir_sensor_subscriber' build argument 'cmake_target_skip_unavailable' from command line to 'False'
[0.128s] Level 5:colcon.colcon_core.verb:set package 'ir_sensor_subscriber' build argument 'cmake_clean_cache' from command line to 'False'
[0.128s] Level 5:colcon.colcon_core.verb:set package 'ir_sensor_subscriber' build argument 'cmake_clean_first' from command line to 'False'
[0.128s] Level 5:colcon.colcon_core.verb:set package 'ir_sensor_subscriber' build argument 'cmake_force_configure' from command line to 'False'
[0.128s] Level 5:colcon.colcon_core.verb:set package 'ir_sensor_subscriber' build argument 'ament_cmake_args' from command line to 'None'
[0.128s] Level 5:colcon.colcon_core.verb:set package 'ir_sensor_subscriber' build argument 'catkin_cmake_args' from command line to 'None'
[0.128s] Level 5:colcon.colcon_core.verb:set package 'ir_sensor_subscriber' build argument 'catkin_skip_building_tests' from command line to 'False'
[0.128s] DEBUG:colcon.colcon_core.verb:Building package 'ir_sensor_subscriber' with the following arguments: {'ament_cmake_args': None, 'build_base': '/home/soham/line_follower_ws/build/ir_sensor_subscriber', 'catkin_cmake_args': None, 'catkin_skip_building_tests': False, 'cmake_args': None, 'cmake_clean_cache': False, 'cmake_clean_first': False, 'cmake_force_configure': False, 'cmake_target': None, 'cmake_target_skip_unavailable': False, 'install_base': '/home/soham/line_follower_ws/install/ir_sensor_subscriber', 'merge_install': False, 'path': '/home/soham/line_follower_ws/src/ir_sensor_subscriber', 'symlink_install': False, 'test_result_base': None}
[0.128s] Level 5:colcon.colcon_core.verb:set package 'line_follower_pid' build argument 'cmake_args' from command line to 'None'
[0.128s] Level 5:colcon.colcon_core.verb:set package 'line_follower_pid' build argument 'cmake_target' from command line to 'None'
[0.128s] Level 5:colcon.colcon_core.verb:set package 'line_follower_pid' build argument 'cmake_target_skip_unavailable' from command line to 'False'
[0.128s] Level 5:colcon.colcon_core.verb:set package 'line_follower_pid' build argument 'cmake_clean_cache' from command line to 'False'
[0.128s] Level 5:colcon.colcon_core.verb:set package 'line_follower_pid' build argument 'cmake_clean_first' from command line to 'False'
[0.128s] Level 5:colcon.colcon_core.verb:set package 'line_follower_pid' build argument 'cmake_force_configure' from command line to 'False'
[0.128s] Level 5:colcon.colcon_core.verb:set package 'line_follower_pid' build argument 'ament_cmake_args' from command line to 'None'
[0.128s] Level 5:colcon.colcon_core.verb:set package 'line_follower_pid' build argument 'catkin_cmake_args' from command line to 'None'
[0.128s] Level 5:colcon.colcon_core.verb:set package 'line_follower_pid' build argument 'catkin_skip_building_tests' from command line to 'False'
[0.128s] DEBUG:colcon.colcon_core.verb:Building package 'line_follower_pid' with the following arguments: {'ament_cmake_args': None, 'build_base': '/home/soham/line_follower_ws/build/line_follower_pid', 'catkin_cmake_args': None, 'catkin_skip_building_tests': False, 'cmake_args': None, 'cmake_clean_cache': False, 'cmake_clean_first': False, 'cmake_force_configure': False, 'cmake_target': None, 'cmake_target_skip_unavailable': False, 'install_base': '/home/soham/line_follower_ws/install/line_follower_pid', 'merge_install': False, 'path': '/home/soham/line_follower_ws/src/line_follower_pid', 'symlink_install': False, 'test_result_base': None}
[0.129s] Level 5:colcon.colcon_core.verb:set package 'line_follower_robot' build argument 'cmake_args' from command line to 'None'
[0.129s] Level 5:colcon.colcon_core.verb:set package 'line_follower_robot' build argument 'cmake_target' from command line to 'None'
[0.129s] Level 5:colcon.colcon_core.verb:set package 'line_follower_robot' build argument 'cmake_target_skip_unavailable' from command line to 'False'
[0.129s] Level 5:colcon.colcon_core.verb:set package 'line_follower_robot' build argument 'cmake_clean_cache' from command line to 'False'
[0.129s] Level 5:colcon.colcon_core.verb:set package 'line_follower_robot' build argument 'cmake_clean_first' from command line to 'False'
[0.129s] Level 5:colcon.colcon_core.verb:set package 'line_follower_robot' build argument 'cmake_force_configure' from command line to 'False'
[0.129s] Level 5:colcon.colcon_core.verb:set package 'line_follower_robot' build argument 'ament_cmake_args' from command line to 'None'
[0.129s] Level 5:colcon.colcon_core.verb:set package 'line_follower_robot' build argument 'catkin_cmake_args' from command line to 'None'
[0.129s] Level 5:colcon.colcon_core.verb:set package 'line_follower_robot' build argument 'catkin_skip_building_tests' from command line to 'False'
[0.129s] DEBUG:colcon.colcon_core.verb:Building package 'line_follower_robot' with the following arguments: {'ament_cmake_args': None, 'build_base': '/home/soham/line_follower_ws/build/line_follower_robot', 'catkin_cmake_args': None, 'catkin_skip_building_tests': False, 'cmake_args': None, 'cmake_clean_cache': False, 'cmake_clean_first': False, 'cmake_force_configure': False, 'cmake_target': None, 'cmake_target_skip_unavailable': False, 'install_base': '/home/soham/line_follower_ws/install/line_follower_robot', 'merge_install': False, 'path': '/home/soham/line_follower_ws/src/line_follower_robot', 'symlink_install': False, 'test_result_base': None}
[0.129s] INFO:colcon.colcon_core.executor:Executing jobs using 'parallel' executor
[0.129s] DEBUG:colcon.colcon_parallel_executor.executor.parallel:run_until_complete
[0.130s] INFO:colcon.colcon_ros.task.ament_python.build:Building ROS package in '/home/soham/line_follower_ws/src/ir_sensor_subscriber' with build type 'ament_python'
[0.130s] Level 1:colcon.colcon_core.shell:create_environment_hook('ir_sensor_subscriber', 'ament_prefix_path')
[0.131s] INFO:colcon.colcon_core.plugin_system:Skipping extension 'colcon_core.shell.bat': Not used on non-Windows systems
[0.131s] INFO:colcon.colcon_core.shell:Creating environment hook '/home/soham/line_follower_ws/install/ir_sensor_subscriber/share/ir_sensor_subscriber/hook/ament_prefix_path.ps1'
[0.131s] INFO:colcon.colcon_core.shell:Creating environment descriptor '/home/soham/line_follower_ws/install/ir_sensor_subscriber/share/ir_sensor_subscriber/hook/ament_prefix_path.dsv'
[0.132s] INFO:colcon.colcon_core.shell:Creating environment hook '/home/soham/line_follower_ws/install/ir_sensor_subscriber/share/ir_sensor_subscriber/hook/ament_prefix_path.sh'
[0.132s] INFO:colcon.colcon_core.shell:Skip shell extension 'powershell' for command environment: Not usable outside of PowerShell
[0.132s] DEBUG:colcon.colcon_core.shell:Skip shell extension 'dsv' for command environment
[0.136s] INFO:colcon.colcon_ros.task.ament_python.build:Building ROS package in '/home/soham/line_follower_ws/src/line_follower_pid' with build type 'ament_python'
[0.136s] Level 1:colcon.colcon_core.shell:create_environment_hook('line_follower_pid', 'ament_prefix_path')
[0.136s] INFO:colcon.colcon_core.shell:Creating environment hook '/home/soham/line_follower_ws/install/line_follower_pid/share/line_follower_pid/hook/ament_prefix_path.ps1'
[0.136s] INFO:colcon.colcon_core.shell:Creating environment descriptor '/home/soham/line_follower_ws/install/line_follower_pid/share/line_follower_pid/hook/ament_prefix_path.dsv'
[0.137s] INFO:colcon.colcon_core.shell:Creating environment hook '/home/soham/line_follower_ws/install/line_follower_pid/share/line_follower_pid/hook/ament_prefix_path.sh'
[0.137s] INFO:colcon.colcon_core.shell:Skip shell extension 'powershell' for command environment: Not usable outside of PowerShell
[0.137s] DEBUG:colcon.colcon_core.shell:Skip shell extension 'dsv' for command environment
[0.140s] INFO:colcon.colcon_ros.task.ament_cmake.build:Building ROS package in '/home/soham/line_follower_ws/src/line_follower_robot' with build type 'ament_cmake'
[0.140s] INFO:colcon.colcon_cmake.task.cmake.build:Building CMake package in '/home/soham/line_follower_ws/src/line_follower_robot'
[0.140s] INFO:colcon.colcon_core.shell:Skip shell extension 'powershell' for command environment: Not usable outside of PowerShell
[0.140s] DEBUG:colcon.colcon_core.shell:Skip shell extension 'dsv' for command environment
[0.281s] INFO:colcon.colcon_core.task.python.build:Building Python package in '/home/soham/line_follower_ws/src/ir_sensor_subscriber'
[0.281s] INFO:colcon.colcon_core.shell:Skip shell extension 'powershell' for command environment: Not usable outside of PowerShell
[0.281s] DEBUG:colcon.colcon_core.shell:Skip shell extension 'dsv' for command environment
[0.421s] INFO:colcon.colcon_core.task.python.build:Building Python package in '/home/soham/line_follower_ws/src/line_follower_pid'
[0.421s] INFO:colcon.colcon_core.shell:Skip shell extension 'powershell' for command environment: Not usable outside of PowerShell
[0.421s] DEBUG:colcon.colcon_core.shell:Skip shell extension 'dsv' for command environment
[0.428s] DEBUG:colcon.colcon_core.event_handler.log_command:Invoking command in '/home/soham/line_follower_ws/build/line_follower_robot': CMAKE_PREFIX_PATH=${CMAKE_PREFIX_PATH}:/home/soham/line_follower_ws/install/ir_sensor_subscriber:/home/soham/line_follower_ws/install/line_follower_launch:/home/soham/cognipilot/cranium/install/nxp_cup_vision:/home/soham/cognipilot/cranium/install/b3rb_ros_line_follower:/opt/ros/humble PS1=(rl_env) \[\e]0;\u@\h: \w\a\]${debian_chroot:+($debian_chroot)}\[\033[01;32m\]\u@\h\[\033[00m\]:\[\033[01;34m\]\w\[\033[00m\]\$ VIRTUAL_ENV_PROMPT=(rl_env) /usr/bin/cmake --build /home/soham/line_follower_ws/build/line_follower_robot -- -j12 -l12
[0.457s] DEBUG:colcon.colcon_core.event_handler.log_command:Invoked command in '/home/soham/line_follower_ws/build/line_follower_robot' returned '0': CMAKE_PREFIX_PATH=${CMAKE_PREFIX_PATH}:/home/soham/line_follower_ws/install/ir_sensor_subscriber:/home/soham/line_follower_ws/install/line_follower_launch:/home/soham/cognipilot/cranium/install/nxp_cup_vision:/home/soham/cognipilot/cranium/install/b3rb_ros_line_follower:/opt/ros/humble PS1=(rl_env) \[\e]0;\u@\h: \w\a\]${debian_chroot:+($debian_chroot)}\[\033[01;32m\]\u@\h\[\033[00m\]:\[\033[01;34m\]\w\[\033[00m\]\$ VIRTUAL_ENV_PROMPT=(rl_env) /usr/bin/cmake --build /home/soham/line_follower_ws/build/line_follower_robot -- -j12 -l12
[0.466s] DEBUG:colcon.colcon_core.event_handler.log_command:Invoking command in '/home/soham/line_follower_ws/build/line_follower_robot': CMAKE_PREFIX_PATH=${CMAKE_PREFIX_PATH}:/home/soham/line_follower_ws/install/ir_sensor_subscriber:/home/soham/line_follower_ws/install/line_follower_launch:/home/soham/cognipilot/cranium/install/nxp_cup_vision:/home/soham/cognipilot/cranium/install/b3rb_ros_line_follower:/opt/ros/humble PS1=(rl_env) \[\e]0;\u@\h: \w\a\]${debian_chroot:+($debian_chroot)}\[\033[01;32m\]\u@\h\[\033[00m\]:\[\033[01;34m\]\w\[\033[00m\]\$ VIRTUAL_ENV_PROMPT=(rl_env) /usr/bin/cmake --install /home/soham/line_follower_ws/build/line_follower_robot
[0.481s] Level 1:colcon.colcon_core.environment:create_environment_scripts_only(line_follower_robot)
[0.481s] DEBUG:colcon.colcon_core.event_handler.log_command:Invoked command in '/home/soham/line_follower_ws/build/line_follower_robot' returned '0': CMAKE_PREFIX_PATH=${CMAKE_PREFIX_PATH}:/home/soham/line_follower_ws/install/ir_sensor_subscriber:/home/soham/line_follower_ws/install/line_follower_launch:/home/soham/cognipilot/cranium/install/nxp_cup_vision:/home/soham/cognipilot/cranium/install/b3rb_ros_line_follower:/opt/ros/humble PS1=(rl_env) \[\e]0;\u@\h: \w\a\]${debian_chroot:+($debian_chroot)}\[\033[01;32m\]\u@\h\[\033[00m\]:\[\033[01;34m\]\w\[\033[00m\]\$ VIRTUAL_ENV_PROMPT=(rl_env) /usr/bin/cmake --install /home/soham/line_follower_ws/build/line_follower_robot
[0.483s] Level 1:colcon.colcon_core.environment:checking '/home/soham/line_follower_ws/install/line_follower_robot' for CMake module files
[0.483s] Level 1:colcon.colcon_core.environment:checking '/home/soham/line_follower_ws/install/line_follower_robot' for CMake config files
[0.483s] Level 1:colcon.colcon_core.shell:create_environment_hook('line_follower_robot', 'cmake_prefix_path')
[0.483s] INFO:colcon.colcon_core.shell:Creating environment hook '/home/soham/line_follower_ws/install/line_follower_robot/share/line_follower_robot/hook/cmake_prefix_path.ps1'
[0.484s] INFO:colcon.colcon_core.shell:Creating environment descriptor '/home/soham/line_follower_ws/install/line_follower_robot/share/line_follower_robot/hook/cmake_prefix_path.dsv'
[0.484s] INFO:colcon.colcon_core.shell:Creating environment hook '/home/soham/line_follower_ws/install/line_follower_robot/share/line_follower_robot/hook/cmake_prefix_path.sh'
[0.484s] Level 1:colcon.colcon_core.environment:checking '/home/soham/line_follower_ws/install/line_follower_robot/bin'
[0.484s] Level 1:colcon.colcon_core.environment:checking '/home/soham/line_follower_ws/install/line_follower_robot/lib/pkgconfig/line_follower_robot.pc'
[0.485s] Level 1:colcon.colcon_core.environment:checking '/home/soham/line_follower_ws/install/line_follower_robot/lib/python3.10/site-packages'
[0.485s] Level 1:colcon.colcon_core.environment:checking '/home/soham/line_follower_ws/install/line_follower_robot/bin'
[0.485s] INFO:colcon.colcon_core.shell:Creating package script '/home/soham/line_follower_ws/install/line_follower_robot/share/line_follower_robot/package.ps1'
[0.485s] INFO:colcon.colcon_core.shell:Creating package descriptor '/home/soham/line_follower_ws/install/line_follower_robot/share/line_follower_robot/package.dsv'
[0.486s] INFO:colcon.colcon_core.shell:Creating package script '/home/soham/line_follower_ws/install/line_follower_robot/share/line_follower_robot/package.sh'
[0.486s] INFO:colcon.colcon_core.shell:Creating package script '/home/soham/line_follower_ws/install/line_follower_robot/share/line_follower_robot/package.bash'
[0.487s] INFO:colcon.colcon_core.shell:Creating package script '/home/soham/line_follower_ws/install/line_follower_robot/share/line_follower_robot/package.zsh'
[0.487s] Level 1:colcon.colcon_core.environment:create_file_with_runtime_dependencies(/home/soham/line_follower_ws/install/line_follower_robot/share/colcon-core/packages/line_follower_robot)
[0.488s] Level 1:colcon.colcon_core.environment:create_environment_scripts_only(line_follower_robot)
[0.488s] Level 1:colcon.colcon_core.environment:checking '/home/soham/line_follower_ws/install/line_follower_robot' for CMake module files
[0.488s] Level 1:colcon.colcon_core.environment:checking '/home/soham/line_follower_ws/install/line_follower_robot' for CMake config files
[0.488s] Level 1:colcon.colcon_core.shell:create_environment_hook('line_follower_robot', 'cmake_prefix_path')
[0.488s] INFO:colcon.colcon_core.shell:Creating environment hook '/home/soham/line_follower_ws/install/line_follower_robot/share/line_follower_robot/hook/cmake_prefix_path.ps1'
[0.489s] INFO:colcon.colcon_core.shell:Creating environment descriptor '/home/soham/line_follower_ws/install/line_follower_robot/share/line_follower_robot/hook/cmake_prefix_path.dsv'
[0.489s] INFO:colcon.colcon_core.shell:Creating environment hook '/home/soham/line_follower_ws/install/line_follower_robot/share/line_follower_robot/hook/cmake_prefix_path.sh'
[0.489s] Level 1:colcon.colcon_core.environment:checking '/home/soham/line_follower_ws/install/line_follower_robot/bin'
[0.489s] Level 1:colcon.colcon_core.environment:checking '/home/soham/line_follower_ws/install/line_follower_robot/lib/pkgconfig/line_follower_robot.pc'
[0.489s] Level 1:colcon.colcon_core.environment:checking '/home/soham/line_follower_ws/install/line_follower_robot/lib/python3.10/site-packages'
[0.490s] Level 1:colcon.colcon_core.environment:checking '/home/soham/line_follower_ws/install/line_follower_robot/bin'
[0.490s] INFO:colcon.colcon_core.shell:Creating package script '/home/soham/line_follower_ws/install/line_follower_robot/share/line_follower_robot/package.ps1'
[0.490s] INFO:colcon.colcon_core.shell:Creating package descriptor '/home/soham/line_follower_ws/install/line_follower_robot/share/line_follower_robot/package.dsv'
[0.490s] INFO:colcon.colcon_core.shell:Creating package script '/home/soham/line_follower_ws/install/line_follower_robot/share/line_follower_robot/package.sh'
[0.491s] INFO:colcon.colcon_core.shell:Creating package script '/home/soham/line_follower_ws/install/line_follower_robot/share/line_follower_robot/package.bash'
[0.491s] INFO:colcon.colcon_core.shell:Creating package script '/home/soham/line_follower_ws/install/line_follower_robot/share/line_follower_robot/package.zsh'
[0.491s] Level 1:colcon.colcon_core.environment:create_file_with_runtime_dependencies(/home/soham/line_follower_ws/install/line_follower_robot/share/colcon-core/packages/line_follower_robot)
[0.849s] DEBUG:colcon.colcon_core.event_handler.log_command:Invoking command in '/home/soham/line_follower_ws/src/ir_sensor_subscriber': PS1=(rl_env) \[\e]0;\u@\h: \w\a\]${debian_chroot:+($debian_chroot)}\[\033[01;32m\]\u@\h\[\033[00m\]:\[\033[01;34m\]\w\[\033[00m\]\$ PYTHONPATH=/home/soham/line_follower_ws/build/ir_sensor_subscriber/prefix_override:/usr/lib/python3/dist-packages/colcon_core/task/python/colcon_distutils_commands:/home/soham/line_follower_ws/install/ir_sensor_subscriber/lib/python3.10/site-packages:${PYTHONPATH} VIRTUAL_ENV_PROMPT=(rl_env) /usr/bin/python3 -W ignore:setup.py install is deprecated -W ignore:easy_install command is deprecated setup.py egg_info --egg-base ../../build/ir_sensor_subscriber build --build-base /home/soham/line_follower_ws/build/ir_sensor_subscriber/build install --record /home/soham/line_follower_ws/build/ir_sensor_subscriber/install.log --single-version-externally-managed install_data
[0.849s] DEBUG:colcon.colcon_core.event_handler.log_command:Invoking command in '/home/soham/line_follower_ws/src/line_follower_pid': PS1=(rl_env) \[\e]0;\u@\h: \w\a\]${debian_chroot:+($debian_chroot)}\[\033[01;32m\]\u@\h\[\033[00m\]:\[\033[01;34m\]\w\[\033[00m\]\$ PYTHONPATH=/home/soham/line_follower_ws/build/line_follower_pid/prefix_override:/usr/lib/python3/dist-packages/colcon_core/task/python/colcon_distutils_commands:/home/soham/line_follower_ws/install/line_follower_pid/lib/python3.10/site-packages:${PYTHONPATH} VIRTUAL_ENV_PROMPT=(rl_env) /usr/bin/python3 -W ignore:setup.py install is deprecated -W ignore:easy_install command is deprecated setup.py egg_info --egg-base ../../build/line_follower_pid build --build-base /home/soham/line_follower_ws/build/line_follower_pid/build install --record /home/soham/line_follower_ws/build/line_follower_pid/install.log --single-version-externally-managed install_data
[1.193s] Level 1:colcon.colcon_core.environment:checking '/home/soham/line_follower_ws/install/ir_sensor_subscriber' for CMake module files
[1.193s] DEBUG:colcon.colcon_core.event_handler.log_command:Invoked command in '/home/soham/line_follower_ws/src/ir_sensor_subscriber' returned '0': PS1=(rl_env) \[\e]0;\u@\h: \w\a\]${debian_chroot:+($debian_chroot)}\[\033[01;32m\]\u@\h\[\033[00m\]:\[\033[01;34m\]\w\[\033[00m\]\$ PYTHONPATH=/home/soham/line_follower_ws/build/ir_sensor_subscriber/prefix_override:/usr/lib/python3/dist-packages/colcon_core/task/python/colcon_distutils_commands:/home/soham/line_follower_ws/install/ir_sensor_subscriber/lib/python3.10/site-packages:${PYTHONPATH} VIRTUAL_ENV_PROMPT=(rl_env) /usr/bin/python3 -W ignore:setup.py install is deprecated -W ignore:easy_install command is deprecated setup.py egg_info --egg-base ../../build/ir_sensor_subscriber build --build-base /home/soham/line_follower_ws/build/ir_sensor_subscriber/build install --record /home/soham/line_follower_ws/build/ir_sensor_subscriber/install.log --single-version-externally-managed install_data
[1.194s] Level 1:colcon.colcon_core.environment:checking '/home/soham/line_follower_ws/install/ir_sensor_subscriber' for CMake config files
[1.194s] Level 1:colcon.colcon_core.environment:checking '/home/soham/line_follower_ws/install/ir_sensor_subscriber/lib'
[1.194s] Level 1:colcon.colcon_core.environment:checking '/home/soham/line_follower_ws/install/ir_sensor_subscriber/bin'
[1.194s] Level 1:colcon.colcon_core.environment:checking '/home/soham/line_follower_ws/install/ir_sensor_subscriber/lib/pkgconfig/ir_sensor_subscriber.pc'
[1.194s] Level 1:colcon.colcon_core.environment:checking '/home/soham/line_follower_ws/install/ir_sensor_subscriber/lib/python3.10/site-packages'
[1.194s] Level 1:colcon.colcon_core.shell:create_environment_hook('ir_sensor_subscriber', 'pythonpath')
[1.195s] INFO:colcon.colcon_core.shell:Creating environment hook '/home/soham/line_follower_ws/install/ir_sensor_subscriber/share/ir_sensor_subscriber/hook/pythonpath.ps1'
[1.195s] INFO:colcon.colcon_core.shell:Creating environment descriptor '/home/soham/line_follower_ws/install/ir_sensor_subscriber/share/ir_sensor_subscriber/hook/pythonpath.dsv'
[1.195s] INFO:colcon.colcon_core.shell:Creating environment hook '/home/soham/line_follower_ws/install/ir_sensor_subscriber/share/ir_sensor_subscriber/hook/pythonpath.sh'
[1.196s] Level 1:colcon.colcon_core.environment:checking '/home/soham/line_follower_ws/install/ir_sensor_subscriber/bin'
[1.196s] Level 1:colcon.colcon_core.environment:create_environment_scripts_only(ir_sensor_subscriber)
[1.196s] INFO:colcon.colcon_core.shell:Creating package script '/home/soham/line_follower_ws/install/ir_sensor_subscriber/share/ir_sensor_subscriber/package.ps1'
[1.196s] INFO:colcon.colcon_core.shell:Creating package descriptor '/home/soham/line_follower_ws/install/ir_sensor_subscriber/share/ir_sensor_subscriber/package.dsv'
[1.196s] INFO:colcon.colcon_core.shell:Creating package script '/home/soham/line_follower_ws/install/ir_sensor_subscriber/share/ir_sensor_subscriber/package.sh'
[1.197s] INFO:colcon.colcon_core.shell:Creating package script '/home/soham/line_follower_ws/install/ir_sensor_subscriber/share/ir_sensor_subscriber/package.bash'
[1.197s] INFO:colcon.colcon_core.shell:Creating package script '/home/soham/line_follower_ws/install/ir_sensor_subscriber/share/ir_sensor_subscriber/package.zsh'
[1.197s] Level 1:colcon.colcon_core.environment:create_file_with_runtime_dependencies(/home/soham/line_follower_ws/install/ir_sensor_subscriber/share/colcon-core/packages/ir_sensor_subscriber)
[1.200s] Level 1:colcon.colcon_core.environment:checking '/home/soham/line_follower_ws/install/line_follower_pid' for CMake module files
[1.200s] DEBUG:colcon.colcon_core.event_handler.log_command:Invoked command in '/home/soham/line_follower_ws/src/line_follower_pid' returned '0': PS1=(rl_env) \[\e]0;\u@\h: \w\a\]${debian_chroot:+($debian_chroot)}\[\033[01;32m\]\u@\h\[\033[00m\]:\[\033[01;34m\]\w\[\033[00m\]\$ PYTHONPATH=/home/soham/line_follower_ws/build/line_follower_pid/prefix_override:/usr/lib/python3/dist-packages/colcon_core/task/python/colcon_distutils_commands:/home/soham/line_follower_ws/install/line_follower_pid/lib/python3.10/site-packages:${PYTHONPATH} VIRTUAL_ENV_PROMPT=(rl_env) /usr/bin/python3 -W ignore:setup.py install is deprecated -W ignore:easy_install command is deprecated setup.py egg_info --egg-base ../../build/line_follower_pid build --build-base /home/soham/line_follower_ws/build/line_follower_pid/build install --record /home/soham/line_follower_ws/build/line_follower_pid/install.log --single-version-externally-managed install_data
[1.200s] Level 1:colcon.colcon_core.environment:checking '/home/soham/line_follower_ws/install/line_follower_pid' for CMake config files
[1.200s] Level 1:colcon.colcon_core.environment:checking '/home/soham/line_follower_ws/install/line_follower_pid/lib'
[1.200s] Level 1:colcon.colcon_core.environment:checking '/home/soham/line_follower_ws/install/line_follower_pid/bin'
[1.201s] Level 1:colcon.colcon_core.environment:checking '/home/soham/line_follower_ws/install/line_follower_pid/lib/pkgconfig/line_follower_pid.pc'
[1.201s] Level 1:colcon.colcon_core.environment:checking '/home/soham/line_follower_ws/install/line_follower_pid/lib/python3.10/site-packages'
[1.201s] Level 1:colcon.colcon_core.shell:create_environment_hook('line_follower_pid', 'pythonpath')
[1.201s] INFO:colcon.colcon_core.shell:Creating environment hook '/home/soham/line_follower_ws/install/line_follower_pid/share/line_follower_pid/hook/pythonpath.ps1'
[1.201s] INFO:colcon.colcon_core.shell:Creating environment descriptor '/home/soham/line_follower_ws/install/line_follower_pid/share/line_follower_pid/hook/pythonpath.dsv'
[1.201s] INFO:colcon.colcon_core.shell:Creating environment hook '/home/soham/line_follower_ws/install/line_follower_pid/share/line_follower_pid/hook/pythonpath.sh'
[1.202s] Level 1:colcon.colcon_core.environment:checking '/home/soham/line_follower_ws/install/line_follower_pid/bin'
[1.202s] Level 1:colcon.colcon_core.environment:create_environment_scripts_only(line_follower_pid)
[1.202s] INFO:colcon.colcon_core.shell:Creating package script '/home/soham/line_follower_ws/install/line_follower_pid/share/line_follower_pid/package.ps1'
[1.202s] INFO:colcon.colcon_core.shell:Creating package descriptor '/home/soham/line_follower_ws/install/line_follower_pid/share/line_follower_pid/package.dsv'
[1.202s] INFO:colcon.colcon_core.shell:Creating package script '/home/soham/line_follower_ws/install/line_follower_pid/share/line_follower_pid/package.sh'
[1.203s] INFO:colcon.colcon_core.shell:Creating package script '/home/soham/line_follower_ws/install/line_follower_pid/share/line_follower_pid/package.bash'
[1.203s] INFO:colcon.colcon_core.shell:Creating package script '/home/soham/line_follower_ws/install/line_follower_pid/share/line_follower_pid/package.zsh'
[1.203s] Level 1:colcon.colcon_core.environment:create_file_with_runtime_dependencies(/home/soham/line_follower_ws/install/line_follower_pid/share/colcon-core/packages/line_follower_pid)
[1.203s] DEBUG:colcon.colcon_parallel_executor.executor.parallel:closing loop
[1.203s] DEBUG:colcon.colcon_parallel_executor.executor.parallel:loop closed
[1.203s] DEBUG:colcon.colcon_parallel_executor.executor.parallel:run_until_complete finished with '0'
[1.203s] DEBUG:colcon.colcon_core.event_reactor:joining thread
[1.207s] INFO:colcon.colcon_core.plugin_system:Skipping extension 'colcon_notification.desktop_notification.terminal_notifier': Not used on non-Darwin systems
[1.207s] INFO:colcon.colcon_core.plugin_system:Skipping extension 'colcon_notification.desktop_notification.win32': Not used on non-Windows systems
[1.207s] INFO:colcon.colcon_notification.desktop_notification:Sending desktop notification using 'notify2'
[1.217s] DEBUG:colcon.colcon_core.event_reactor:joined thread
[1.217s] INFO:colcon.colcon_core.shell:Creating prefix script '/home/soham/line_follower_ws/install/local_setup.ps1'
[1.218s] INFO:colcon.colcon_core.shell:Creating prefix util module '/home/soham/line_follower_ws/install/_local_setup_util_ps1.py'
[1.219s] INFO:colcon.colcon_core.shell:Creating prefix chain script '/home/soham/line_follower_ws/install/setup.ps1'
[1.220s] INFO:colcon.colcon_core.shell:Creating prefix script '/home/soham/line_follower_ws/install/local_setup.sh'
[1.221s] INFO:colcon.colcon_core.shell:Creating prefix util module '/home/soham/line_follower_ws/install/_local_setup_util_sh.py'
[1.221s] INFO:colcon.colcon_core.shell:Creating prefix chain script '/home/soham/line_follower_ws/install/setup.sh'
[1.222s] INFO:colcon.colcon_core.shell:Creating prefix script '/home/soham/line_follower_ws/install/local_setup.bash'
[1.222s] INFO:colcon.colcon_core.shell:Creating prefix chain script '/home/soham/line_follower_ws/install/setup.bash'
[1.223s] INFO:colcon.colcon_core.shell:Creating prefix script '/home/soham/line_follower_ws/install/local_setup.zsh'
[1.223s] INFO:colcon.colcon_core.shell:Creating prefix chain script '/home/soham/line_follower_ws/install/setup.zsh'
