/home/soham/.local/lib/python3.10/site-packages/setuptools/_distutils/dist.py:270: UserWarning: Unknown distribution option: 'tests_require'
  warnings.warn(msg)
running egg_info
creating ../../build/line_follower_pid/line_follower_pid.egg-info
writing ../../build/line_follower_pid/line_follower_pid.egg-info/PKG-INFO
writing dependency_links to ../../build/line_follower_pid/line_follower_pid.egg-info/dependency_links.txt
writing requirements to ../../build/line_follower_pid/line_follower_pid.egg-info/requires.txt
writing top-level names to ../../build/line_follower_pid/line_follower_pid.egg-info/top_level.txt
writing manifest file '../../build/line_follower_pid/line_follower_pid.egg-info/SOURCES.txt'
reading manifest file '../../build/line_follower_pid/line_follower_pid.egg-info/SOURCES.txt'
writing manifest file '../../build/line_follower_pid/line_follower_pid.egg-info/SOURCES.txt'
running build
running build_py
creating /home/soham/line_follower_ws/build/line_follower_pid/build/lib/line_follower_pid
copying line_follower_pid/__init__.py -> /home/soham/line_follower_ws/build/line_follower_pid/build/lib/line_follower_pid
running install
running install_lib
creating /home/soham/line_follower_ws/install/line_follower_pid/lib/python3.10/site-packages/line_follower_pid
copying /home/soham/line_follower_ws/build/line_follower_pid/build/lib/line_follower_pid/__init__.py -> /home/soham/line_follower_ws/install/line_follower_pid/lib/python3.10/site-packages/line_follower_pid
byte-compiling /home/soham/line_follower_ws/install/line_follower_pid/lib/python3.10/site-packages/line_follower_pid/__init__.py to __init__.cpython-310.pyc
running install_data
creating /home/soham/line_follower_ws/install/line_follower_pid/share/ament_index/resource_index/packages
copying resource/line_follower_pid -> /home/soham/line_follower_ws/install/line_follower_pid/share/ament_index/resource_index/packages
copying package.xml -> /home/soham/line_follower_ws/install/line_follower_pid/share/line_follower_pid
running install_egg_info
Copying ../../build/line_follower_pid/line_follower_pid.egg-info to /home/soham/line_follower_ws/install/line_follower_pid/lib/python3.10/site-packages/line_follower_pid-0.0.0-py3.10.egg-info
running install_scripts
writing list of installed files to '/home/soham/line_follower_ws/build/line_follower_pid/install.log'
